#
# A fatal error has been detected by the Java Runtime Environment:
#
#  EXCEPTION_ACCESS_VIOLATION (0xc0000005) at pc=0x00007ffb9caa3004, pid=14108, tid=15496
#
# JRE version: OpenJDK Runtime Environment (24.0+36) (build 24+36-3646)
# Java VM: OpenJDK 64-Bit Server VM (24+36-3646, mixed mode, sharing, tiered, compressed oops, compressed class ptrs, g1 gc, windows-amd64)
# Problematic frame:
# C  [libasyncProfiler.dll+0x93004]
#
# No core dump will be written. Minidumps are not enabled by default on client versions of Windows
#
# JFR recording file will be written. Location: C:\Users\Bernardo\IdeaProjects\Java Basic\hs_err_pid14108.jfr
#
# If you would like to submit a bug report, please visit:
#   https://bugreport.java.com/bugreport/crash.jsp
# The crash happened outside the Java Virtual Machine in native code.
# See problematic frame for where to report the bug.
#

---------------  S U M M A R Y ------------

Command Line: -javaagent:C:\Users\Bernardo\Downloads\ideaIU-2024.3.5.win\lib\idea_rt.jar=61546 -agentpath:C:\Users\Bernardo\Downloads\ideaIU-2024.3.5.win\lib\async-profiler\amd64\libasyncProfiler.dll=start,jfr,event=wall,interval=10ms,jfrsync=profile,cstack=no,file=C:\Users\Bernardo\IdeaSnapshots\Aula03Exercicios_2025_04_05_214220.jfr,dbghelppath=C:\Users\Bernardo\Downloads\ideaIU-2024.3.5.win\lib\async-profiler\amd64\dbghelp.dll,log=C:\Users\Bernardo\AppData\Local\Temp\Aula03Exercicios_2025_04_05_214220.jfr.log.txt,logLevel=DEBUG -Dfile.encoding=UTF-8 -Dsun.stdout.encoding=UTF-8 -Dsun.stderr.encoding=UTF-8 besoares.dev.maratonajava.introducao.Aula03Exercicios

Host: AMD Ryzen 5 5600GT with Radeon Graphics        , 12 cores, 13G,  Windows 11 , 64 bit Build 26100 (10.0.26100.1882)
Time: Sat Apr  5 21:42:21 2025 Hora oficial do Brasil elapsed time: 0.393654 seconds (0d 0h 0m 0s)

---------------  T H R E A D  ---------------

Current thread (0x000001e961a0e240):  JavaThread "main"             [_thread_in_native, id=15496, stack(0x000000cb20100000,0x000000cb20200000) (1024K)]

Stack: [0x000000cb20100000,0x000000cb20200000],  sp=0x000000cb201fe570,  free space=1017k
Native frames: (J=compiled Java code, j=interpreted, Vv=VM code, C=native code)
C  [libasyncProfiler.dll+0x93004]  (no source info available)
C  [libasyncProfiler.dll+0x934db]  (no source info available)
C  [libasyncProfiler.dll+0x92134]  (no source info available)
C  [libasyncProfiler.dll+0x929aa]  (no source info available)
C  [libasyncProfiler.dll+0x8d561]  (no source info available)
C  [libasyncProfiler.dll+0x7ef21]  (no source info available)
C  [libasyncProfiler.dll+0x7dc38]  (no source info available)
C  [libasyncProfiler.dll+0x7db20]  (no source info available)
C  [libasyncProfiler.dll+0x83c3c]  (no source info available)
V  [jvm.dll+0x5e3a5e]  (no source info available)
V  [jvm.dll+0x8861e6]  (no source info available)
V  [jvm.dll+0x49604e]  (no source info available)
V  [jvm.dll+0x497e21]  (no source info available)
C  [jli.dll+0x52a1]  (no source info available)
C  [ucrtbase.dll+0x14ea0]  (no source info available)
C  [KERNEL32.DLL+0x2dbe7]  (no source info available)
C  [ntdll.dll+0x85a4c]  (no source info available)


siginfo: EXCEPTION_ACCESS_VIOLATION (0xc0000005), reading address 0xffffffffffffffff


Registers:
RAX=0x0000000000000010, RBX=0x0000000000000000, RCX=0xffffffffffffffff, RDX=0x007ffb6a732ff010
RSP=0x000000cb201fe570, RBP=0x000001e943445788, RSI=0x000000cb201fe6e0, RDI=0x000001e943445788
R8 =0x0000000000000042, R9 =0x000000072f801ee8, R10=0x00007ffb6a9a9fc0, R11=0x0000000000000002
R12=0x000000cb201fe6e0, R13=0x000001e95f55a470, R14=0x000001e961a0e608, R15=0x000001e961a0e608
RIP=0x00007ffb9caa3004, EFLAGS=0x0000000000010202

XMM[0]=0x0000000000000000 0x0000000000000000
XMM[1]=0x0000000000000000 0x0000000000000000
XMM[2]=0x0000000000000000 0x0000000000000000
XMM[3]=0x0000000000000000 0x0000000000000000
XMM[4]=0x0000000000000000 0x0000000000000000
XMM[5]=0x0000000000000000 0x0000000000000000
XMM[6]=0x0000000000000000 0x0000000000000000
XMM[7]=0x0000000000000000 0x0000000000000000
XMM[8]=0x0000000000000000 0x0000000000000000
XMM[9]=0x0000000000000000 0x0000000000000000
XMM[10]=0x0000000000000000 0x0000000000000000
XMM[11]=0x0000000000000000 0x0000000000000000
XMM[12]=0x0000000000000000 0x0000000000000000
XMM[13]=0x0000000000000000 0x0000000000000000
XMM[14]=0x0000000000000000 0x0000000000000000
XMM[15]=0x0000000000000000 0x0000000000000000
  MXCSR=0x00001fa0


Register to memory mapping:

RAX=0x0000000000000010 is an unknown value
RBX=0x0 is null
RCX=0xffffffffffffffff is an unknown value
RDX=0x007ffb6a732ff010 is an unknown value
RSP=0x000000cb201fe570 is pointing into the stack for thread: 0x000001e961a0e240
RBP=0x000001e943445788 points into unknown readable memory: 0x000000072f801ee8 | e8 1e 80 2f 07 00 00 00
RSI=0x000000cb201fe6e0 is pointing into the stack for thread: 0x000001e961a0e240
RDI=0x000001e943445788 points into unknown readable memory: 0x000000072f801ee8 | e8 1e 80 2f 07 00 00 00
R8 =0x0000000000000042 is an unknown value
R9 =0x000000072f801ee8 is an oop: java.lang.Thread 
{0x000000072f801ee8} - klass: 'java/lang/Thread' - flags: 

 - ---- fields (total size 14 words):
 - 'threadLocalRandomProbe' 'I' @12  0 (0x00000000)
 - private volatile 'eetop' 'J' @16  2101876941376 (0x000001e961a0e240)
 - private final 'tid' 'J' @24  3 (0x0000000000000003)
 - 'threadLocalRandomSeed' 'J' @32  0 (0x0000000000000000)
 - injected 'jvmti_thread_state' 'J' @40  2101364786656 (0x000001e9431a05e0)
 - 'threadLocalRandomSecondarySeed' 'I' @48  0 (0x00000000)
 - injected 'jvmti_VTMS_transition_disable_count' 'I' @52  0 (0x00000000)
 - injected 'jfr_epoch' 'S' @56  0 (0x0000)
 - volatile 'interrupted' 'Z' @58  false (0x00)
 - injected 'jvmti_is_in_VTMS_transition' 'Z' @59  false (0x00)
 - private volatile 'name' 'Ljava/lang/String;' @60  "main"{0x000000072f801f58} (0xe5f003eb)
 - private volatile 'contextClassLoader' 'Ljava/lang/ClassLoader;' @64  a 'jdk/internal/loader/ClassLoaders$AppClassLoader'{0x000000072f815c38} (0xe5f02b87)
 - private final 'holder' 'Ljava/lang/Thread$FieldHolder;' @68  a 'java/lang/Thread$FieldHolder'{0x000000072f801f98} (0xe5f003f3)
 - 'threadLocals' 'Ljava/lang/ThreadLocal$ThreadLocalMap;' @72  a 'java/lang/ThreadLocal$ThreadLocalMap'{0x000000072f732d38} (0xe5ee65a7)
 - 'inheritableThreadLocals' 'Ljava/lang/ThreadLocal$ThreadLocalMap;' @76  null (0x00000000)
 - private 'scopedValueBindings' 'Ljava/lang/Object;' @80  a 'java/lang/Class'{0x00000007ffe7c280} = 'java/lang/Thread' (0xfffcf850)
 - final 'interruptLock' 'Ljava/lang/Object;' @84  a 'java/lang/Object'{0x000000072f801f88} (0xe5f003f1)
 - private volatile 'parkBlocker' 'Ljava/lang/Object;' @88  null (0x00000000)
 - private 'nioBlocker' 'Lsun/nio/ch/Interruptible;' @92  null (0x00000000)
 - private 'cont' 'Ljdk/internal/vm/Continuation;' @96  null (0x00000000)
 - private volatile 'uncaughtExceptionHandler' 'Ljava/lang/Thread$UncaughtExceptionHandler;' @100  null (0x00000000)
 - private 'container' 'Ljdk/internal/vm/ThreadContainer;' @104  null (0x00000000)
 - private volatile 'headStackableScopes' 'Ljdk/internal/vm/StackableScope;' @108  null (0x00000000)
R10=0x00007ffb6a9a9fc0 jvm.dll
R11=0x0000000000000002 is an unknown value
R12=0x000000cb201fe6e0 is pointing into the stack for thread: 0x000001e961a0e240
R13=0x000001e95f55a470 points into unknown readable memory: 0x00007ffb6a91a510 | 10 a5 91 6a fb 7f 00 00
R14=0x000001e961a0e608 points into unknown readable memory: 0x00007ffb6a9117b0 | b0 17 91 6a fb 7f 00 00
R15=0x000001e961a0e608 points into unknown readable memory: 0x00007ffb6a9117b0 | b0 17 91 6a fb 7f 00 00

Top of Stack: (sp=0x000000cb201fe570)
0x000000cb201fe570:   000000cb201fe6e0 000001e943445788   ... .....WDC....
0x000000cb201fe580:   0000000000000000 000001e961a0e990   ...........a....
0x000000cb201fe590:   000000000000001a 00007ffb9caa34db   .........4......
0x000000cb201fe5a0:   0000000000000000 000001e961a0e608   ...........a....
0x000000cb201fe5b0:   000000cb201fe601 0000000000000000   ... ............
0x000000cb201fe5c0:   000001e948e02170 00007ffb9caa2134   p!.H....4!......
0x000000cb201fe5d0:   0000000000000000 000000000000001a   ................
0x000000cb201fe5e0:   0000000000000000 000000000000001a   ................
0x000000cb201fe5f0:   0000000900000002 000001e948e35af0   .........Z.H....
0x000000cb201fe600:   000001e948e02170 000001e948e021d8   p!.H.....!.H....
0x000000cb201fe610:   000001e948e021e0 0000000000000a10   .!.H............
0x000000cb201fe620:   0000000000000000 0000000000000000   ................
0x000000cb201fe630:   0000000000000000 00007ffb6a1758e4   .........X.j....
0x000000cb201fe640:   00007ffb9cbfae00 000000000000371c   .........7......
0x000000cb201fe650:   00007ffb9cbfae00 00000000ffffffff   ................
0x000000cb201fe660:   0000000000000000 00007ffb9caa29aa   .........)......
0x000000cb201fe670:   000001e961a0e608 0000000000000000   ...a............
0x000000cb201fe680:   000000cb201fe6e9 000001e95f55a470   ... ....p.U_....
0x000000cb201fe690:   000001e9000021b4 0000000000000000   .!..............
0x000000cb201fe6a0:   0000000000000000 00007ffc13327129   ........)q2.....
0x000000cb201fe6b0:   000001e961a0e608 00007ffb9cbfae00   ...a............
0x000000cb201fe6c0:   0000000000000000 00007ffb9cb3bc53   ........S.......
0x000000cb201fe6d0:   0000000000000000 000001e961a0e608   ...........a....
0x000000cb201fe6e0:   000001e948e171b0 000001e948e174f0   .q.H.....t.H....
0x000000cb201fe6f0:   000001e948e174f0 00007ffb9cbfae00   .t.H............
0x000000cb201fe700:   000001e9619634d8 000000cb201fe878   .4.a....x.. ....
0x000000cb201fe710:   000000cb201fe9b0 0000000000008840   ... ....@.......
0x000000cb201fe720:   00007ffb9cbed080 00007ffb9cbfae50   ........P.......
0x000000cb201fe730:   0000000000989680 0000000000989680   ................
0x000000cb201fe740:   000000cb201fe850 00007ffb9ca9d561   P.. ....a.......
0x000000cb201fe750:   00007ffb9cbfae00 00007ffb9cbfae58   ........X.......
0x000000cb201fe760:   00007ffb00000000 003794f600000001   ..............7.

Instructions: (pc=0x00007ffb9caa3004)
  0x00007ffb9caa2f04:   cc cc cc cc cc cc cc cc cc cc cc cc cc cc cc cc
  0x00007ffb9caa2f14:   cc cc cc cc cc cc cc cc cc cc cc cc cc cc cc cc
  0x00007ffb9caa2f24:   cc cc cc cc cc cc cc cc cc cc cc cc cc cc cc cc
  0x00007ffb9caa2f34:   cc cc cc cc cc cc cc cc cc cc cc cc cc cc cc cc
  0x00007ffb9caa2f44:   cc cc cc cc cc cc cc cc cc cc cc cc cc cc cc cc
  0x00007ffb9caa2f54:   cc cc cc cc cc cc cc cc cc cc cc cc cc cc cc cc
  0x00007ffb9caa2f64:   cc cc cc cc cc cc cc cc cc cc cc cc cc cc cc cc
  0x00007ffb9caa2f74:   cc cc cc cc cc cc cc cc cc cc cc cc cc cc cc cc
  0x00007ffb9caa2f84:   cc cc cc cc cc cc cc cc cc cc cc cc 40 57 48 83
  0x00007ffb9caa2f94:   ec 20 48 8b f9 48 8b 0d 30 80 15 00 48 85 c9 74
  0x00007ffb9caa2fa4:   20 48 8b 01 48 8d 54 24 38 41 b8 06 00 01 00 4c
  0x00007ffb9caa2fb4:   8b 48 30 41 ff d1 85 c0 75 07 48 8b 4c 24 38 eb
  0x00007ffb9caa2fc4:   02 33 c9 4c 8b 05 0a 81 15 00 48 89 5c 24 30 4d
  0x00007ffb9caa2fd4:   85 c0 74 4a 48 8b 01 48 8b d7 4c 8b 88 28 03 00
  0x00007ffb9caa2fe4:   00 41 ff d1 48 85 c0 74 35 48 63 0d b8 3d 15 00
  0x00007ffb9caa2ff4:   48 8b 14 01 48 85 d2 74 15 48 63 05 bc 3d 15 00
=>0x00007ffb9caa3004:   8b 04 10 48 8b 5c 24 30 48 83 c4 20 5f c3 b8 ff
  0x00007ffb9caa3014:   ff ff ff 48 8b 5c 24 30 48 83 c4 20 5f c3 80 3d
  0x00007ffb9caa3024:   bb 7f 15 00 00 bb ff ff ff ff 74 20 4c 8b 0d 51
  0x00007ffb9caa3034:   7c 15 00 4c 8d 44 24 38 48 8b 0d 35 7c 15 00 48
  0x00007ffb9caa3044:   8b d7 41 ff d1 85 c0 0f 44 5c 24 38 8b c3 48 8b
  0x00007ffb9caa3054:   5c 24 30 48 83 c4 20 5f c3 cc cc cc cc cc cc cc
  0x00007ffb9caa3064:   cc cc cc cc cc cc cc cc cc cc cc cc cc cc cc cc
  0x00007ffb9caa3074:   cc cc cc cc cc cc cc cc cc cc cc cc cc cc cc cc
  0x00007ffb9caa3084:   cc cc cc cc cc cc cc cc cc cc cc cc 48 89 54 24
  0x00007ffb9caa3094:   10 53 55 56 57 41 56 41 57 48 83 ec 28 48 8b f2
  0x00007ffb9caa30a4:   4c 8b f1 48 89 4c 24 78 45 33 ff 44 89 7c 24 68
  0x00007ffb9caa30b4:   c7 44 24 60 01 00 00 00 48 8d 4c 24 68 e8 69 3c
  0x00007ffb9caa30c4:   f7 ff 8b d8 48 8d 4c 24 60 e8 5d 3c f7 ff 8b e8
  0x00007ffb9caa30d4:   49 8b ce e8 33 f3 f6 ff 48 8b f8 90 8b c3 f0 0f
  0x00007ffb9caa30e4:   b1 2f 74 04 f3 90 eb f4 4c 89 3e 4c 89 7e 08 4c
  0x00007ffb9caa30f4:   89 7e 10 49 8b 6e 08 4d 8b 76 10 49 3b ee 0f 84


Stack slot to memory mapping:

stack at sp + 0 slots: 0x000000cb201fe6e0 is pointing into the stack for thread: 0x000001e961a0e240
stack at sp + 1 slots: 0x000001e943445788 points into unknown readable memory: 0x000000072f801ee8 | e8 1e 80 2f 07 00 00 00
stack at sp + 2 slots: 0x0 is null
stack at sp + 3 slots: 0x000001e961a0e990 points into unknown readable memory: 0x6e616c2e6176616a | 6a 61 76 61 2e 6c 61 6e
stack at sp + 4 slots: 0x000000000000001a is an unknown value
stack at sp + 5 slots: 0x00007ffb9caa34db libasyncProfiler.dll
stack at sp + 6 slots: 0x0 is null
stack at sp + 7 slots: 0x000001e961a0e608 points into unknown readable memory: 0x00007ffb6a9117b0 | b0 17 91 6a fb 7f 00 00

Lock stack of current Java thread (top to bottom):


---------------  P R O C E S S  ---------------

Threads class SMR info:
_java_thread_list=0x000001e94923afe0, length=18, elements={
0x000001e961a0e240, 0x000001e96167bfd0, 0x000001e96167d380, 0x000001e961681570,
0x000001e9616841b0, 0x000001e9430e4fe0, 0x000001e943105c50, 0x000001e94310f840,
0x000001e96168e060, 0x000001e9431d6b20, 0x000001e9433523f0, 0x000001e94350eea0,
0x000001e94368f6f0, 0x000001e9490bf570, 0x000001e948dedce0, 0x000001e94940b480,
0x000001e94923a1e0, 0x000001e94923b970
}

Java Threads: ( => current thread )
=>0x000001e961a0e240 JavaThread "main"                              [_thread_in_native, id=15496, stack(0x000000cb20100000,0x000000cb20200000) (1024K)]
  0x000001e96167bfd0 JavaThread "Reference Handler"          daemon [_thread_blocked, id=14660, stack(0x000000cb20900000,0x000000cb20a00000) (1024K)]
  0x000001e96167d380 JavaThread "Finalizer"                  daemon [_thread_blocked, id=15924, stack(0x000000cb20a00000,0x000000cb20b00000) (1024K)]
  0x000001e961681570 JavaThread "Signal Dispatcher"          daemon [_thread_blocked, id=17060, stack(0x000000cb20b00000,0x000000cb20c00000) (1024K)]
  0x000001e9616841b0 JavaThread "Attach Listener"            daemon [_thread_blocked, id=1920, stack(0x000000cb20c00000,0x000000cb20d00000) (1024K)]
  0x000001e9430e4fe0 JavaThread "Service Thread"             daemon [_thread_blocked, id=1620, stack(0x000000cb20d00000,0x000000cb20e00000) (1024K)]
  0x000001e943105c50 JavaThread "Monitor Deflation Thread"   daemon [_thread_blocked, id=11128, stack(0x000000cb20e00000,0x000000cb20f00000) (1024K)]
  0x000001e94310f840 JavaThread "C2 CompilerThread0"         daemon [_thread_in_native, id=20816, stack(0x000000cb20f00000,0x000000cb21000000) (1024K)]
  0x000001e96168e060 JavaThread "C1 CompilerThread0"         daemon [_thread_in_native, id=16912, stack(0x000000cb21000000,0x000000cb21100000) (1024K)]
  0x000001e9431d6b20 JavaThread "Common-Cleaner"             daemon [_thread_blocked, id=11024, stack(0x000000cb21100000,0x000000cb21200000) (1024K)]
  0x000001e9433523f0 JavaThread "Monitor Ctrl-Break"         daemon [_thread_in_native, id=15836, stack(0x000000cb21200000,0x000000cb21300000) (1024K)]
  0x000001e94350eea0 JavaThread "C2 CompilerThread1"         daemon [_thread_in_native, id=20760, stack(0x000000cb21300000,0x000000cb21400000) (1024K)]
  0x000001e94368f6f0 JavaThread "JFR Recorder Thread"        daemon [_thread_in_native, id=20052, stack(0x000000cb21400000,0x000000cb21500000) (1024K)]
  0x000001e9490bf570 JavaThread "JFR Periodic Tasks"         daemon [_thread_blocked, id=2576, stack(0x000000cb21600000,0x000000cb21700000) (1024K)]
  0x000001e948dedce0 JavaThread "RMI TCP Accept-0"           daemon [_thread_in_native, id=11032, stack(0x000000cb21700000,0x000000cb21800000) (1024K)]
  0x000001e94940b480 JavaThread "RMI TCP Connection(1)-192.168.0.17" daemon [_thread_in_Java, id=9964, stack(0x000000cb21800000,0x000000cb21900000) (1024K)]
  0x000001e94923a1e0 JavaThread "RMI Scheduler(0)"           daemon [_thread_blocked, id=18744, stack(0x000000cb21500000,0x000000cb21600000) (1024K)]
  0x000001e94923b970 JavaThread "JMX server connection timeout 33" daemon [_thread_blocked, id=15340, stack(0x000000cb21900000,0x000000cb21a00000) (1024K)]
Total: 18

Other Threads:
  0x000001e961660820 VMThread "VM Thread"                           [id=16008, stack(0x000000cb20800000,0x000000cb20900000) (1024K)]
  0x000001e96160cae0 WatcherThread "VM Periodic Task Thread"        [id=11796, stack(0x000000cb20700000,0x000000cb20800000) (1024K)]
  0x000001e961540440 WorkerThread "GC Thread#0"                     [id=17424, stack(0x000000cb20200000,0x000000cb20300000) (1024K)]
  0x000001e961553920 ConcurrentGCThread "G1 Main Marker"            [id=9924, stack(0x000000cb20300000,0x000000cb20400000) (1024K)]
  0x000001e961555890 WorkerThread "G1 Conc#0"                       [id=11468, stack(0x000000cb20400000,0x000000cb20500000) (1024K)]
  0x000001e9615ff420 ConcurrentGCThread "G1 Refine#0"               [id=21412, stack(0x000000cb20500000,0x000000cb20600000) (1024K)]
  0x000001e9615ffe40 ConcurrentGCThread "G1 Service"                [id=7956, stack(0x000000cb20600000,0x000000cb20700000) (1024K)]
Total: 7

Threads with active compile tasks:
C2 CompilerThread0  511 1537       4       jdk.internal.classfile.impl.SplitConstantPool::tryFindUtf8 (103 bytes)
C2 CompilerThread1  511 1545       4       jdk.internal.classfile.impl.SplitConstantPool::utf8Entry (45 bytes)
Total: 2

VM state: not at safepoint (normal execution)

VM Mutex/Monitor currently owned by a thread: None

Heap address: 0x0000000721a00000, size: 3558 MB, Compressed Oops mode: Zero based, Oop shift amount: 3

CDS archive(s) mapped at: [0x000001e902000000-0x000001e902d40000-0x000001e902d40000), size 13893632, SharedBaseAddress: 0x000001e902000000, ArchiveRelocationMode: 1.
Compressed class space mapped at: 0x000001e903000000-0x000001e943000000, reserved size: 1073741824
UseCompressedClassPointers 1, UseCompactObjectHeaders 0
Narrow klass pointer bits 32, Max shift 3
Narrow klass base: 0x000001e902000000, Narrow klass shift: 0
Encoding Range: [0x000001e902000000 - 0x000001ea02000000), (4294967296 bytes)
Klass Range:    [0x000001e902000000 - 0x000001e943000000), (1090519040 bytes)
Klass ID Range:  [8 - 1090519033) (1090519025)

GC Precious Log:
 CardTable entry size: 512
 Card Set container configuration: InlinePtr #cards 4 size 8 Array Of Cards #cards 16 size 48 Howl #buckets 8 coarsen threshold 3686 Howl Bitmap #cards 512 size 80 coarsen threshold 460 Card regions per heap region 1 cards per card region 4096
 CPUs: 12 total, 12 available
 Memory: 14228M
 Large Page Support: Disabled
 NUMA Support: Disabled
 Compressed Oops: Enabled (Zero based)
 Heap Region Size: 2M
 Heap Min Capacity: 8M
 Heap Initial Capacity: 224M
 Heap Max Capacity: 3558M
 Pre-touch: Disabled
 Parallel Workers: 10
 Concurrent Workers: 3
 Concurrent Refinement Workers: 10
 Periodic GC: Disabled

Heap:
 garbage-first heap   total reserved 3643392K, committed 231424K, used 27760K [0x0000000721a00000, 0x0000000800000000)
  region size 2048K, 15 young (30720K), 0 survivors (0K)
 Metaspace       used 7503K, committed 7744K, reserved 1114112K
  class space    used 714K, committed 832K, reserved 1048576K

Heap Regions: E=young(eden), S=young(survivor), O=old, HS=humongous(starts), HC=humongous(continues), CS=collection set, F=free, TAMS=top-at-mark-start, PB=parsable bottom
|   0|0x0000000721a00000, 0x0000000721a00000, 0x0000000721c00000|  0%| F|  |TAMS 0x0000000721a00000| PB 0x0000000721a00000| Untracked |  0
|   1|0x0000000721c00000, 0x0000000721c00000, 0x0000000721e00000|  0%| F|  |TAMS 0x0000000721c00000| PB 0x0000000721c00000| Untracked |  0
|   2|0x0000000721e00000, 0x0000000721e00000, 0x0000000722000000|  0%| F|  |TAMS 0x0000000721e00000| PB 0x0000000721e00000| Untracked |  0
|   3|0x0000000722000000, 0x0000000722000000, 0x0000000722200000|  0%| F|  |TAMS 0x0000000722000000| PB 0x0000000722000000| Untracked |  0
|   4|0x0000000722200000, 0x0000000722200000, 0x0000000722400000|  0%| F|  |TAMS 0x0000000722200000| PB 0x0000000722200000| Untracked |  0
|   5|0x0000000722400000, 0x0000000722400000, 0x0000000722600000|  0%| F|  |TAMS 0x0000000722400000| PB 0x0000000722400000| Untracked |  0
|   6|0x0000000722600000, 0x0000000722600000, 0x0000000722800000|  0%| F|  |TAMS 0x0000000722600000| PB 0x0000000722600000| Untracked |  0
|   7|0x0000000722800000, 0x0000000722800000, 0x0000000722a00000|  0%| F|  |TAMS 0x0000000722800000| PB 0x0000000722800000| Untracked |  0
|   8|0x0000000722a00000, 0x0000000722a00000, 0x0000000722c00000|  0%| F|  |TAMS 0x0000000722a00000| PB 0x0000000722a00000| Untracked |  0
|   9|0x0000000722c00000, 0x0000000722c00000, 0x0000000722e00000|  0%| F|  |TAMS 0x0000000722c00000| PB 0x0000000722c00000| Untracked |  0
|  10|0x0000000722e00000, 0x0000000722e00000, 0x0000000723000000|  0%| F|  |TAMS 0x0000000722e00000| PB 0x0000000722e00000| Untracked |  0
|  11|0x0000000723000000, 0x0000000723000000, 0x0000000723200000|  0%| F|  |TAMS 0x0000000723000000| PB 0x0000000723000000| Untracked |  0
|  12|0x0000000723200000, 0x0000000723200000, 0x0000000723400000|  0%| F|  |TAMS 0x0000000723200000| PB 0x0000000723200000| Untracked |  0
|  13|0x0000000723400000, 0x0000000723400000, 0x0000000723600000|  0%| F|  |TAMS 0x0000000723400000| PB 0x0000000723400000| Untracked |  0
|  14|0x0000000723600000, 0x0000000723600000, 0x0000000723800000|  0%| F|  |TAMS 0x0000000723600000| PB 0x0000000723600000| Untracked |  0
|  15|0x0000000723800000, 0x0000000723800000, 0x0000000723a00000|  0%| F|  |TAMS 0x0000000723800000| PB 0x0000000723800000| Untracked |  0
|  16|0x0000000723a00000, 0x0000000723a00000, 0x0000000723c00000|  0%| F|  |TAMS 0x0000000723a00000| PB 0x0000000723a00000| Untracked |  0
|  17|0x0000000723c00000, 0x0000000723c00000, 0x0000000723e00000|  0%| F|  |TAMS 0x0000000723c00000| PB 0x0000000723c00000| Untracked |  0
|  18|0x0000000723e00000, 0x0000000723e00000, 0x0000000724000000|  0%| F|  |TAMS 0x0000000723e00000| PB 0x0000000723e00000| Untracked |  0
|  19|0x0000000724000000, 0x0000000724000000, 0x0000000724200000|  0%| F|  |TAMS 0x0000000724000000| PB 0x0000000724000000| Untracked |  0
|  20|0x0000000724200000, 0x0000000724200000, 0x0000000724400000|  0%| F|  |TAMS 0x0000000724200000| PB 0x0000000724200000| Untracked |  0
|  21|0x0000000724400000, 0x0000000724400000, 0x0000000724600000|  0%| F|  |TAMS 0x0000000724400000| PB 0x0000000724400000| Untracked |  0
|  22|0x0000000724600000, 0x0000000724600000, 0x0000000724800000|  0%| F|  |TAMS 0x0000000724600000| PB 0x0000000724600000| Untracked |  0
|  23|0x0000000724800000, 0x0000000724800000, 0x0000000724a00000|  0%| F|  |TAMS 0x0000000724800000| PB 0x0000000724800000| Untracked |  0
|  24|0x0000000724a00000, 0x0000000724a00000, 0x0000000724c00000|  0%| F|  |TAMS 0x0000000724a00000| PB 0x0000000724a00000| Untracked |  0
|  25|0x0000000724c00000, 0x0000000724c00000, 0x0000000724e00000|  0%| F|  |TAMS 0x0000000724c00000| PB 0x0000000724c00000| Untracked |  0
|  26|0x0000000724e00000, 0x0000000724e00000, 0x0000000725000000|  0%| F|  |TAMS 0x0000000724e00000| PB 0x0000000724e00000| Untracked |  0
|  27|0x0000000725000000, 0x0000000725000000, 0x0000000725200000|  0%| F|  |TAMS 0x0000000725000000| PB 0x0000000725000000| Untracked |  0
|  28|0x0000000725200000, 0x0000000725200000, 0x0000000725400000|  0%| F|  |TAMS 0x0000000725200000| PB 0x0000000725200000| Untracked |  0
|  29|0x0000000725400000, 0x0000000725400000, 0x0000000725600000|  0%| F|  |TAMS 0x0000000725400000| PB 0x0000000725400000| Untracked |  0
|  30|0x0000000725600000, 0x0000000725600000, 0x0000000725800000|  0%| F|  |TAMS 0x0000000725600000| PB 0x0000000725600000| Untracked |  0
|  31|0x0000000725800000, 0x0000000725800000, 0x0000000725a00000|  0%| F|  |TAMS 0x0000000725800000| PB 0x0000000725800000| Untracked |  0
|  32|0x0000000725a00000, 0x0000000725a00000, 0x0000000725c00000|  0%| F|  |TAMS 0x0000000725a00000| PB 0x0000000725a00000| Untracked |  0
|  33|0x0000000725c00000, 0x0000000725c00000, 0x0000000725e00000|  0%| F|  |TAMS 0x0000000725c00000| PB 0x0000000725c00000| Untracked |  0
|  34|0x0000000725e00000, 0x0000000725e00000, 0x0000000726000000|  0%| F|  |TAMS 0x0000000725e00000| PB 0x0000000725e00000| Untracked |  0
|  35|0x0000000726000000, 0x0000000726000000, 0x0000000726200000|  0%| F|  |TAMS 0x0000000726000000| PB 0x0000000726000000| Untracked |  0
|  36|0x0000000726200000, 0x0000000726200000, 0x0000000726400000|  0%| F|  |TAMS 0x0000000726200000| PB 0x0000000726200000| Untracked |  0
|  37|0x0000000726400000, 0x0000000726400000, 0x0000000726600000|  0%| F|  |TAMS 0x0000000726400000| PB 0x0000000726400000| Untracked |  0
|  38|0x0000000726600000, 0x0000000726600000, 0x0000000726800000|  0%| F|  |TAMS 0x0000000726600000| PB 0x0000000726600000| Untracked |  0
|  39|0x0000000726800000, 0x0000000726800000, 0x0000000726a00000|  0%| F|  |TAMS 0x0000000726800000| PB 0x0000000726800000| Untracked |  0
|  40|0x0000000726a00000, 0x0000000726a00000, 0x0000000726c00000|  0%| F|  |TAMS 0x0000000726a00000| PB 0x0000000726a00000| Untracked |  0
|  41|0x0000000726c00000, 0x0000000726c00000, 0x0000000726e00000|  0%| F|  |TAMS 0x0000000726c00000| PB 0x0000000726c00000| Untracked |  0
|  42|0x0000000726e00000, 0x0000000726e00000, 0x0000000727000000|  0%| F|  |TAMS 0x0000000726e00000| PB 0x0000000726e00000| Untracked |  0
|  43|0x0000000727000000, 0x0000000727000000, 0x0000000727200000|  0%| F|  |TAMS 0x0000000727000000| PB 0x0000000727000000| Untracked |  0
|  44|0x0000000727200000, 0x0000000727200000, 0x0000000727400000|  0%| F|  |TAMS 0x0000000727200000| PB 0x0000000727200000| Untracked |  0
|  45|0x0000000727400000, 0x0000000727400000, 0x0000000727600000|  0%| F|  |TAMS 0x0000000727400000| PB 0x0000000727400000| Untracked |  0
|  46|0x0000000727600000, 0x0000000727600000, 0x0000000727800000|  0%| F|  |TAMS 0x0000000727600000| PB 0x0000000727600000| Untracked |  0
|  47|0x0000000727800000, 0x0000000727800000, 0x0000000727a00000|  0%| F|  |TAMS 0x0000000727800000| PB 0x0000000727800000| Untracked |  0
|  48|0x0000000727a00000, 0x0000000727a00000, 0x0000000727c00000|  0%| F|  |TAMS 0x0000000727a00000| PB 0x0000000727a00000| Untracked |  0
|  49|0x0000000727c00000, 0x0000000727c00000, 0x0000000727e00000|  0%| F|  |TAMS 0x0000000727c00000| PB 0x0000000727c00000| Untracked |  0
|  50|0x0000000727e00000, 0x0000000727e00000, 0x0000000728000000|  0%| F|  |TAMS 0x0000000727e00000| PB 0x0000000727e00000| Untracked |  0
|  51|0x0000000728000000, 0x0000000728000000, 0x0000000728200000|  0%| F|  |TAMS 0x0000000728000000| PB 0x0000000728000000| Untracked |  0
|  52|0x0000000728200000, 0x0000000728200000, 0x0000000728400000|  0%| F|  |TAMS 0x0000000728200000| PB 0x0000000728200000| Untracked |  0
|  53|0x0000000728400000, 0x0000000728400000, 0x0000000728600000|  0%| F|  |TAMS 0x0000000728400000| PB 0x0000000728400000| Untracked |  0
|  54|0x0000000728600000, 0x0000000728600000, 0x0000000728800000|  0%| F|  |TAMS 0x0000000728600000| PB 0x0000000728600000| Untracked |  0
|  55|0x0000000728800000, 0x0000000728800000, 0x0000000728a00000|  0%| F|  |TAMS 0x0000000728800000| PB 0x0000000728800000| Untracked |  0
|  56|0x0000000728a00000, 0x0000000728a00000, 0x0000000728c00000|  0%| F|  |TAMS 0x0000000728a00000| PB 0x0000000728a00000| Untracked |  0
|  57|0x0000000728c00000, 0x0000000728c00000, 0x0000000728e00000|  0%| F|  |TAMS 0x0000000728c00000| PB 0x0000000728c00000| Untracked |  0
|  58|0x0000000728e00000, 0x0000000728e00000, 0x0000000729000000|  0%| F|  |TAMS 0x0000000728e00000| PB 0x0000000728e00000| Untracked |  0
|  59|0x0000000729000000, 0x0000000729000000, 0x0000000729200000|  0%| F|  |TAMS 0x0000000729000000| PB 0x0000000729000000| Untracked |  0
|  60|0x0000000729200000, 0x0000000729200000, 0x0000000729400000|  0%| F|  |TAMS 0x0000000729200000| PB 0x0000000729200000| Untracked |  0
|  61|0x0000000729400000, 0x0000000729400000, 0x0000000729600000|  0%| F|  |TAMS 0x0000000729400000| PB 0x0000000729400000| Untracked |  0
|  62|0x0000000729600000, 0x0000000729600000, 0x0000000729800000|  0%| F|  |TAMS 0x0000000729600000| PB 0x0000000729600000| Untracked |  0
|  63|0x0000000729800000, 0x0000000729800000, 0x0000000729a00000|  0%| F|  |TAMS 0x0000000729800000| PB 0x0000000729800000| Untracked |  0
|  64|0x0000000729a00000, 0x0000000729a00000, 0x0000000729c00000|  0%| F|  |TAMS 0x0000000729a00000| PB 0x0000000729a00000| Untracked |  0
|  65|0x0000000729c00000, 0x0000000729c00000, 0x0000000729e00000|  0%| F|  |TAMS 0x0000000729c00000| PB 0x0000000729c00000| Untracked |  0
|  66|0x0000000729e00000, 0x0000000729e00000, 0x000000072a000000|  0%| F|  |TAMS 0x0000000729e00000| PB 0x0000000729e00000| Untracked |  0
|  67|0x000000072a000000, 0x000000072a000000, 0x000000072a200000|  0%| F|  |TAMS 0x000000072a000000| PB 0x000000072a000000| Untracked |  0
|  68|0x000000072a200000, 0x000000072a200000, 0x000000072a400000|  0%| F|  |TAMS 0x000000072a200000| PB 0x000000072a200000| Untracked |  0
|  69|0x000000072a400000, 0x000000072a400000, 0x000000072a600000|  0%| F|  |TAMS 0x000000072a400000| PB 0x000000072a400000| Untracked |  0
|  70|0x000000072a600000, 0x000000072a600000, 0x000000072a800000|  0%| F|  |TAMS 0x000000072a600000| PB 0x000000072a600000| Untracked |  0
|  71|0x000000072a800000, 0x000000072a800000, 0x000000072aa00000|  0%| F|  |TAMS 0x000000072a800000| PB 0x000000072a800000| Untracked |  0
|  72|0x000000072aa00000, 0x000000072aa00000, 0x000000072ac00000|  0%| F|  |TAMS 0x000000072aa00000| PB 0x000000072aa00000| Untracked |  0
|  73|0x000000072ac00000, 0x000000072ac00000, 0x000000072ae00000|  0%| F|  |TAMS 0x000000072ac00000| PB 0x000000072ac00000| Untracked |  0
|  74|0x000000072ae00000, 0x000000072ae00000, 0x000000072b000000|  0%| F|  |TAMS 0x000000072ae00000| PB 0x000000072ae00000| Untracked |  0
|  75|0x000000072b000000, 0x000000072b000000, 0x000000072b200000|  0%| F|  |TAMS 0x000000072b000000| PB 0x000000072b000000| Untracked |  0
|  76|0x000000072b200000, 0x000000072b200000, 0x000000072b400000|  0%| F|  |TAMS 0x000000072b200000| PB 0x000000072b200000| Untracked |  0
|  77|0x000000072b400000, 0x000000072b400000, 0x000000072b600000|  0%| F|  |TAMS 0x000000072b400000| PB 0x000000072b400000| Untracked |  0
|  78|0x000000072b600000, 0x000000072b600000, 0x000000072b800000|  0%| F|  |TAMS 0x000000072b600000| PB 0x000000072b600000| Untracked |  0
|  79|0x000000072b800000, 0x000000072b800000, 0x000000072ba00000|  0%| F|  |TAMS 0x000000072b800000| PB 0x000000072b800000| Untracked |  0
|  80|0x000000072ba00000, 0x000000072ba00000, 0x000000072bc00000|  0%| F|  |TAMS 0x000000072ba00000| PB 0x000000072ba00000| Untracked |  0
|  81|0x000000072bc00000, 0x000000072bc00000, 0x000000072be00000|  0%| F|  |TAMS 0x000000072bc00000| PB 0x000000072bc00000| Untracked |  0
|  82|0x000000072be00000, 0x000000072be00000, 0x000000072c000000|  0%| F|  |TAMS 0x000000072be00000| PB 0x000000072be00000| Untracked |  0
|  83|0x000000072c000000, 0x000000072c000000, 0x000000072c200000|  0%| F|  |TAMS 0x000000072c000000| PB 0x000000072c000000| Untracked |  0
|  84|0x000000072c200000, 0x000000072c200000, 0x000000072c400000|  0%| F|  |TAMS 0x000000072c200000| PB 0x000000072c200000| Untracked |  0
|  85|0x000000072c400000, 0x000000072c400000, 0x000000072c600000|  0%| F|  |TAMS 0x000000072c400000| PB 0x000000072c400000| Untracked |  0
|  86|0x000000072c600000, 0x000000072c600000, 0x000000072c800000|  0%| F|  |TAMS 0x000000072c600000| PB 0x000000072c600000| Untracked |  0
|  87|0x000000072c800000, 0x000000072c800000, 0x000000072ca00000|  0%| F|  |TAMS 0x000000072c800000| PB 0x000000072c800000| Untracked |  0
|  88|0x000000072ca00000, 0x000000072ca00000, 0x000000072cc00000|  0%| F|  |TAMS 0x000000072ca00000| PB 0x000000072ca00000| Untracked |  0
|  89|0x000000072cc00000, 0x000000072cc00000, 0x000000072ce00000|  0%| F|  |TAMS 0x000000072cc00000| PB 0x000000072cc00000| Untracked |  0
|  90|0x000000072ce00000, 0x000000072ce00000, 0x000000072d000000|  0%| F|  |TAMS 0x000000072ce00000| PB 0x000000072ce00000| Untracked |  0
|  91|0x000000072d000000, 0x000000072d000000, 0x000000072d200000|  0%| F|  |TAMS 0x000000072d000000| PB 0x000000072d000000| Untracked |  0
|  92|0x000000072d200000, 0x000000072d200000, 0x000000072d400000|  0%| F|  |TAMS 0x000000072d200000| PB 0x000000072d200000| Untracked |  0
|  93|0x000000072d400000, 0x000000072d400000, 0x000000072d600000|  0%| F|  |TAMS 0x000000072d400000| PB 0x000000072d400000| Untracked |  0
|  94|0x000000072d600000, 0x000000072d600000, 0x000000072d800000|  0%| F|  |TAMS 0x000000072d600000| PB 0x000000072d600000| Untracked |  0
|  95|0x000000072d800000, 0x000000072d800000, 0x000000072da00000|  0%| F|  |TAMS 0x000000072d800000| PB 0x000000072d800000| Untracked |  0
|  96|0x000000072da00000, 0x000000072da00000, 0x000000072dc00000|  0%| F|  |TAMS 0x000000072da00000| PB 0x000000072da00000| Untracked |  0
|  97|0x000000072dc00000, 0x000000072ddef878, 0x000000072de00000| 96%| E|  |TAMS 0x000000072dc00000| PB 0x000000072dc00000| Complete |  0
|  98|0x000000072de00000, 0x000000072e000000, 0x000000072e000000|100%| E|CS|TAMS 0x000000072de00000| PB 0x000000072de00000| Complete |  0
|  99|0x000000072e000000, 0x000000072e200000, 0x000000072e200000|100%| E|CS|TAMS 0x000000072e000000| PB 0x000000072e000000| Complete |  0
| 100|0x000000072e200000, 0x000000072e400000, 0x000000072e400000|100%| E|  |TAMS 0x000000072e200000| PB 0x000000072e200000| Complete |  0
| 101|0x000000072e400000, 0x000000072e600000, 0x000000072e600000|100%| E|CS|TAMS 0x000000072e400000| PB 0x000000072e400000| Complete |  0
| 102|0x000000072e600000, 0x000000072e800000, 0x000000072e800000|100%| E|CS|TAMS 0x000000072e600000| PB 0x000000072e600000| Complete |  0
| 103|0x000000072e800000, 0x000000072ea00000, 0x000000072ea00000|100%| E|CS|TAMS 0x000000072e800000| PB 0x000000072e800000| Complete |  0
| 104|0x000000072ea00000, 0x000000072ec00000, 0x000000072ec00000|100%| E|CS|TAMS 0x000000072ea00000| PB 0x000000072ea00000| Complete |  0
| 105|0x000000072ec00000, 0x000000072ee00000, 0x000000072ee00000|100%| E|CS|TAMS 0x000000072ec00000| PB 0x000000072ec00000| Complete |  0
| 106|0x000000072ee00000, 0x000000072f000000, 0x000000072f000000|100%| E|CS|TAMS 0x000000072ee00000| PB 0x000000072ee00000| Complete |  0
| 107|0x000000072f000000, 0x000000072f200000, 0x000000072f200000|100%| E|CS|TAMS 0x000000072f000000| PB 0x000000072f000000| Complete |  0
| 108|0x000000072f200000, 0x000000072f400000, 0x000000072f400000|100%| E|CS|TAMS 0x000000072f200000| PB 0x000000072f200000| Complete |  0
| 109|0x000000072f400000, 0x000000072f600000, 0x000000072f600000|100%| E|CS|TAMS 0x000000072f400000| PB 0x000000072f400000| Complete |  0
| 110|0x000000072f600000, 0x000000072f800000, 0x000000072f800000|100%| E|CS|TAMS 0x000000072f600000| PB 0x000000072f600000| Complete |  0
| 111|0x000000072f800000, 0x000000072fa00000, 0x000000072fa00000|100%| E|CS|TAMS 0x000000072f800000| PB 0x000000072f800000| Complete |  0
|1778|0x00000007ffe00000, 0x00000007fff1c348, 0x0000000800000000| 55%| O|  |TAMS 0x00000007ffe00000| PB 0x00000007ffe00000| Untracked |  0

Card table byte_map: [0x000001e97abb0000,0x000001e97b2b0000] _byte_map_base: 0x000001e9772a3000

Marking Bits: (CMBitMap*) 0x000001e961541a00
 Bits: [0x000001e97b2b0000, 0x000001e97ea48000)

Polling page: 0x000001e95f710000

Metaspace:

Usage:
  Non-class:      6.64 MB used.
      Class:    714.53 KB used.
       Both:      7.34 MB used.

Virtual space:
  Non-class space:       64.00 MB reserved,       6.75 MB ( 11%) committed,  1 nodes.
      Class space:        1.00 GB reserved,     832.00 KB ( <1%) committed,  1 nodes.
             Both:        1.06 GB reserved,       7.56 MB ( <1%) committed. 

Chunk freelists:
   Non-Class:  8.95 MB
       Class:  15.22 MB
        Both:  24.17 MB

MaxMetaspaceSize: unlimited
CompressedClassSpaceSize: 1.00 GB
Initial GC threshold: 21.00 MB
Current GC threshold: 21.00 MB
CDS: on
 - commit_granule_bytes: 65536.
 - commit_granule_words: 8192.
 - virtual_space_node_default_size: 8388608.
 - enlarge_chunks_in_place: 1.
UseCompressedClassPointers 1, UseCompactObjectHeaders 0
Narrow klass pointer bits 32, Max shift 3
Narrow klass base: 0x000001e902000000, Narrow klass shift: 0
Encoding Range: [0x000001e902000000 - 0x000001ea02000000), (4294967296 bytes)
Klass Range:    [0x000001e902000000 - 0x000001e943000000), (1090519040 bytes)
Klass ID Range:  [8 - 1090519033) (1090519025)


Internal statistics:

num_allocs_failed_limit: 0.
num_arena_births: 148.
num_arena_deaths: 0.
num_vsnodes_births: 2.
num_vsnodes_deaths: 0.
num_space_committed: 121.
num_space_uncommitted: 0.
num_chunks_returned_to_freelist: 0.
num_chunks_taken_from_freelist: 206.
num_chunk_merges: 0.
num_chunk_splits: 115.
num_chunks_enlarged: 32.
num_inconsistent_stats: 0.

CodeHeap 'non-profiled nmethods': size=120064Kb used=587Kb max_used=587Kb free=119476Kb
 bounds [0x000001e9724b0000, 0x000001e972720000, 0x000001e9799f0000]
CodeHeap 'profiled nmethods': size=120000Kb used=1970Kb max_used=1970Kb free=118029Kb
 bounds [0x000001e96a9f0000, 0x000001e96ac60000, 0x000001e971f20000]
CodeHeap 'non-nmethods': size=5696Kb used=1327Kb max_used=1353Kb free=4368Kb
 bounds [0x000001e971f20000, 0x000001e972190000, 0x000001e9724b0000]
CodeCache: size=245760Kb, used=3884Kb, max_used=3910Kb, free=241873Kb
 total_blobs=2063, nmethods=1571, adapters=397, full_count=0
Compilation: enabled, stopped_count=0, restarted_count=0

Compilation events (20 events):
Event: 0.383 Thread 0x000001e96168e060 nmethod 1438 0x000001e96ab98508 code [0x000001e96ab98740, 0x000001e96ab99730]
Event: 0.383 Thread 0x000001e96168e060 1440       3       java.lang.invoke.BoundMethodHandle::<init> (32 bytes)
Event: 0.383 Thread 0x000001e96168e060 nmethod 1440 0x000001e96ab99808 code [0x000001e96ab99920, 0x000001e96ab99a90]
Event: 0.383 Thread 0x000001e96168e060 1439       3       java.lang.invoke.MemberName::isVarargs (23 bytes)
Event: 0.383 Thread 0x000001e96168e060 nmethod 1439 0x000001e96ab99b08 code [0x000001e96ab99c40, 0x000001e96ab9a008]
Event: 0.383 Thread 0x000001e96168e060 1441   !   3       java.util.WeakHashMap::expungeStaleEntries (139 bytes)
Event: 0.383 Thread 0x000001e96168e060 nmethod 1441 0x000001e96ab9a088 code [0x000001e96ab9a200, 0x000001e96ab9aad8]
Event: 0.385 Thread 0x000001e96168e060 1442       3       java.lang.invoke.MethodHandles$Lookup::in (283 bytes)
Event: 0.386 Thread 0x000001e96168e060 nmethod 1442 0x000001e96ab9ab08 code [0x000001e96ab9aea0, 0x000001e96ab9d1f8]
Event: 0.387 Thread 0x000001e96168e060 1443       3       java.lang.invoke.MemberName::ensureTypeVisible (180 bytes)
Event: 0.388 Thread 0x000001e96168e060 nmethod 1443 0x000001e96ab9d288 code [0x000001e96ab9d660, 0x000001e96ab9fd38]
Event: 0.388 Thread 0x000001e96168e060 1444       3       java.lang.invoke.MemberName::isCallerSensitive (8 bytes)
Event: 0.388 Thread 0x000001e96168e060 nmethod 1444 0x000001e96ab9fe08 code [0x000001e96ab9ff20, 0x000001e96aba00e0]
Event: 0.388 Thread 0x000001e96168e060 1445       3       jdk.internal.ref.CleanerImpl::getCleanerImpl (13 bytes)
Event: 0.388 Thread 0x000001e96168e060 nmethod 1445 0x000001e96aba0108 code [0x000001e96aba0220, 0x000001e96aba04c8]
Event: 0.388 Thread 0x000001e96168e060 1446       3       java.lang.ref.Cleaner$1::apply (9 bytes)
Event: 0.388 Thread 0x000001e96168e060 nmethod 1446 0x000001e96aba0508 code [0x000001e96aba0620, 0x000001e96aba0880]
Event: 0.388 Thread 0x000001e96168e060 1447       3       java.lang.ref.Cleaner$1::apply (5 bytes)
Event: 0.388 Thread 0x000001e96168e060 nmethod 1447 0x000001e96aba0908 code [0x000001e96aba0a20, 0x000001e96aba0b38]
Event: 0.389 Thread 0x000001e96168e060 1448       3       java.lang.invoke.LambdaForm$NamedFunction::returnType (11 bytes)

GC Heap History (0 events):
No events

Dll operation events (11 events):
Event: 0.023 Loaded shared library C:\Users\Bernardo\.jdks\openjdk-24\bin\java.dll
Event: 0.042 Loaded shared library C:\Users\Bernardo\.jdks\openjdk-24\bin\jsvml.dll
Event: 0.068 Loaded shared library C:\Users\Bernardo\.jdks\openjdk-24\bin\zip.dll
Event: 0.071 Loaded shared library C:\Users\Bernardo\.jdks\openjdk-24\bin\instrument.dll
Event: 0.075 Loaded shared library C:\Users\Bernardo\.jdks\openjdk-24\bin\net.dll
Event: 0.076 Loaded shared library C:\Users\Bernardo\.jdks\openjdk-24\bin\nio.dll
Event: 0.081 Loaded shared library C:\Users\Bernardo\.jdks\openjdk-24\bin\zip.dll
Event: 0.097 Loaded shared library C:\Users\Bernardo\.jdks\openjdk-24\bin\extnet.dll
Event: 0.118 Loaded shared library C:\Users\Bernardo\.jdks\openjdk-24\bin\jimage.dll
Event: 0.177 Loaded shared library C:\Users\Bernardo\.jdks\openjdk-24\bin\management.dll
Event: 0.185 Loaded shared library C:\Users\Bernardo\.jdks\openjdk-24\bin\management_ext.dll

Deoptimization events (20 events):
Event: 0.371 Thread 0x000001e9616841b0 Uncommon trap: trap_request=0xffffffd6 fr.pc=0x000001e97253361c relative=0x00000000000006bc
Event: 0.371 Thread 0x000001e9616841b0 Uncommon trap: reason=array_check action=maybe_recompile pc=0x000001e97253361c method=jdk.internal.classfile.impl.SplitConstantPool.internalAdd(Ljava/lang/classfile/constantpool/PoolEntry;I)Ljava/lang/classfile/constantpool/PoolEntry; @ 46 c2
Event: 0.371 Thread 0x000001e9616841b0 DEOPT PACKING pc=0x000001e97253361c sp=0x000000cb20cfb9f0
Event: 0.371 Thread 0x000001e9616841b0 DEOPT UNPACKING pc=0x000001e972034102 sp=0x000000cb20cfb9a0 mode 2
Event: 0.371 Thread 0x000001e9616841b0 Uncommon trap: trap_request=0xffffffd6 fr.pc=0x000001e97253361c relative=0x00000000000006bc
Event: 0.371 Thread 0x000001e9616841b0 Uncommon trap: reason=array_check action=maybe_recompile pc=0x000001e97253361c method=jdk.internal.classfile.impl.SplitConstantPool.internalAdd(Ljava/lang/classfile/constantpool/PoolEntry;I)Ljava/lang/classfile/constantpool/PoolEntry; @ 46 c2
Event: 0.371 Thread 0x000001e9616841b0 DEOPT PACKING pc=0x000001e97253361c sp=0x000000cb20cfb910
Event: 0.371 Thread 0x000001e9616841b0 DEOPT UNPACKING pc=0x000001e972034102 sp=0x000000cb20cfb8c0 mode 2
Event: 0.371 Thread 0x000001e9616841b0 Uncommon trap: trap_request=0xffffffd6 fr.pc=0x000001e97253361c relative=0x00000000000006bc
Event: 0.371 Thread 0x000001e9616841b0 Uncommon trap: reason=array_check action=maybe_recompile pc=0x000001e97253361c method=jdk.internal.classfile.impl.SplitConstantPool.internalAdd(Ljava/lang/classfile/constantpool/PoolEntry;I)Ljava/lang/classfile/constantpool/PoolEntry; @ 46 c2
Event: 0.371 Thread 0x000001e9616841b0 DEOPT PACKING pc=0x000001e97253361c sp=0x000000cb20cfb910
Event: 0.371 Thread 0x000001e9616841b0 DEOPT UNPACKING pc=0x000001e972034102 sp=0x000000cb20cfb8c0 mode 2
Event: 0.385 Thread 0x000001e9616841b0 Uncommon trap: trap_request=0xffffff4d fr.pc=0x000001e972501a34 relative=0x00000000000002f4
Event: 0.385 Thread 0x000001e9616841b0 Uncommon trap: reason=unstable_if action=reinterpret pc=0x000001e972501a34 method=java.util.HashMap.getNode(Ljava/lang/Object;)Ljava/util/HashMap$Node; @ 66 c2
Event: 0.385 Thread 0x000001e9616841b0 DEOPT PACKING pc=0x000001e972501a34 sp=0x000000cb20cfdc70
Event: 0.385 Thread 0x000001e9616841b0 DEOPT UNPACKING pc=0x000001e972034102 sp=0x000000cb20cfdc00 mode 2
Event: 0.385 Thread 0x000001e9616841b0 Uncommon trap: trap_request=0xffffffde fr.pc=0x000001e9724f3320 relative=0x0000000000000d40
Event: 0.385 Thread 0x000001e9616841b0 Uncommon trap: reason=class_check action=maybe_recompile pc=0x000001e9724f3320 method=java.util.HashMap.putVal(ILjava/lang/Object;Ljava/lang/Object;ZZ)Ljava/lang/Object; @ 91 c2
Event: 0.385 Thread 0x000001e9616841b0 DEOPT PACKING pc=0x000001e9724f3320 sp=0x000000cb20cfdc60
Event: 0.385 Thread 0x000001e9616841b0 DEOPT UNPACKING pc=0x000001e972034102 sp=0x000000cb20cfdba8 mode 2

Classes loaded (20 events):
Event: 0.388 Loading class java/io/ObjectOutputStream$BlockDataOutputStream
Event: 0.388 Loading class java/io/ObjectOutputStream$BlockDataOutputStream done
Event: 0.388 Loading class java/io/ObjectOutputStream$HandleTable
Event: 0.388 Loading class java/io/ObjectOutputStream$HandleTable done
Event: 0.388 Loading class java/io/ObjectOutputStream$ReplaceTable
Event: 0.388 Loading class java/io/ObjectOutputStream$ReplaceTable done
Event: 0.389 Loading class java/io/ObjectStreamClass$Caches
Event: 0.389 Loading class java/io/ObjectStreamClass$Caches done
Event: 0.389 Loading class java/io/ObjectStreamClass$Caches$1
Event: 0.389 Loading class java/io/ClassCache
Event: 0.389 Loading class java/io/ClassCache done
Event: 0.389 Loading class java/io/ObjectStreamClass$Caches$1 done
Event: 0.389 Loading class java/io/ClassCache$1
Event: 0.389 Loading class java/io/ClassCache$1 done
Event: 0.389 Loading class java/io/ObjectStreamClass$Caches$2
Event: 0.389 Loading class java/io/ObjectStreamClass$Caches$2 done
Event: 0.389 Loading class java/lang/ClassValue$ClassValueMap
Event: 0.389 Loading class java/lang/ClassValue$ClassValueMap done
Event: 0.389 Loading class jdk/internal/reflect/MethodHandleLongFieldAccessorImpl
Event: 0.389 Loading class jdk/internal/reflect/MethodHandleLongFieldAccessorImpl done

Classes unloaded (0 events):
No events

Classes redefined (0 events):
No events

Internal exceptions (20 events):
Event: 0.141 Thread 0x000001e9616841b0 Exception <a 'java/lang/NoSuchMethodError'{0x000000072f2e05c8}: 'java.lang.Object java.lang.invoke.DirectMethodHandle$Holder.newInvokeSpecial(java.lang.Object, java.lang.Object, java.lang.Object, int)'> (0x000000072f2e05c8) 
thrown [s\open\src\hotspot\share\interpreter\linkResolver.cpp, line 805]
Event: 0.142 Thread 0x000001e9616841b0 Exception <a 'java/lang/NoSuchMethodError'{0x000000072f2e9200}: 'java.lang.Object java.lang.invoke.Invokers$Holder.linkToTargetMethod(java.lang.Object, java.lang.Object, int, java.lang.Object)'> (0x000000072f2e9200) 
thrown [s\open\src\hotspot\share\interpreter\linkResolver.cpp, line 805]
Event: 0.147 Thread 0x000001e961a0e240 Exception <a 'java/lang/NoSuchMethodError'{0x000000072f30f240}: 'void java.lang.invoke.DirectMethodHandle$Holder.invokeStaticInit(java.lang.Object)'> (0x000000072f30f240) 
thrown [s\open\src\hotspot\share\interpreter\linkResolver.cpp, line 805]
Event: 0.149 Thread 0x000001e9616841b0 Exception <a 'java/lang/NoSuchMethodError'{0x000000072f01bbd8}: 'long java.lang.invoke.DirectMethodHandle$Holder.invokeSpecial(java.lang.Object, java.lang.Object)'> (0x000000072f01bbd8) 
thrown [s\open\src\hotspot\share\interpreter\linkResolver.cpp, line 805]
Event: 0.160 Thread 0x000001e961a0e240 Exception <a 'java/lang/NoSuchMethodError'{0x000000072f3804a0}: 'void java.lang.invoke.DirectMethodHandle$Holder.invokeSpecial(java.lang.Object, java.lang.Object, java.lang.Object)'> (0x000000072f3804a0) 
thrown [s\open\src\hotspot\share\interpreter\linkResolver.cpp, line 805]
Event: 0.172 Thread 0x000001e961a0e240 Exception <a 'java/lang/NoSuchMethodError'{0x000000072f3e79e0}: 'java.lang.Object java.lang.invoke.DirectMethodHandle$Holder.newInvokeSpecial(java.lang.Object, java.lang.Object, java.lang.Object, java.lang.Object, java.lang.Object)'> (0x000000072f3e79e0) 
thrown [s\open\src\hotspot\share\interpreter\linkResolver.cpp, line 805]
Event: 0.189 Thread 0x000001e9616841b0 Exception <a 'java/lang/NoSuchMethodError'{0x000000072f09f868}: 'int java.lang.invoke.DirectMethodHandle$Holder.invokeInterface(java.lang.Object, java.lang.Object)'> (0x000000072f09f868) 
thrown [s\open\src\hotspot\share\interpreter\linkResolver.cpp, line 805]
Event: 0.189 Thread 0x000001e9616841b0 Exception <a 'java/lang/IncompatibleClassChangeError'{0x000000072f0a74e8}: Found class java.lang.Object, but interface was expected> (0x000000072f0a74e8) 
thrown [s\open\src\hotspot\share\interpreter\linkResolver.cpp, line 872]
Event: 0.208 Thread 0x000001e961a0e240 Exception <a 'java/lang/NoSuchMethodError'{0x000000072ee8a4a8}: 'long java.lang.invoke.DirectMethodHandle$Holder.invokeVirtual(java.lang.Object, java.lang.Object)'> (0x000000072ee8a4a8) 
thrown [s\open\src\hotspot\share\interpreter\linkResolver.cpp, line 805]
Event: 0.216 Thread 0x000001e9616841b0 Exception <a 'java/lang/NoSuchMethodError'{0x000000072ef26f88}: 'int java.lang.invoke.DirectMethodHandle$Holder.invokeSpecial(java.lang.Object, java.lang.Object, java.lang.Object)'> (0x000000072ef26f88) 
thrown [s\open\src\hotspot\share\interpreter\linkResolver.cpp, line 805]
Event: 0.297 Thread 0x000001e961a0e240 Exception <a 'java/lang/NoSuchMethodError'{0x000000072e6a9ea0}: 'void java.lang.invoke.DirectMethodHandle$Holder.invokeSpecial(java.lang.Object, java.lang.Object, int)'> (0x000000072e6a9ea0) 
thrown [s\open\src\hotspot\share\interpreter\linkResolver.cpp, line 805]
Event: 0.298 Thread 0x000001e961a0e240 Exception <a 'java/lang/NoSuchMethodError'{0x000000072e6b1ac0}: 'void java.lang.invoke.Invokers$Holder.invokeExact_MT(java.lang.Object, int, java.lang.Object)'> (0x000000072e6b1ac0) 
thrown [s\open\src\hotspot\share\interpreter\linkResolver.cpp, line 805]
Event: 0.299 Thread 0x000001e961a0e240 Exception <a 'java/lang/NoSuchMethodError'{0x000000072e6cc3f0}: 'void java.lang.invoke.DirectMethodHandle$Holder.invokeStatic(java.lang.Object, java.lang.Object, int)'> (0x000000072e6cc3f0) 
thrown [s\open\src\hotspot\share\interpreter\linkResolver.cpp, line 805]
Event: 0.300 Thread 0x000001e961a0e240 Exception <a 'java/lang/NoSuchMethodError'{0x000000072e6db4e0}: 'java.lang.Object java.lang.invoke.DirectMethodHandle$Holder.newInvokeSpecial(java.lang.Object, java.lang.Object, int)'> (0x000000072e6db4e0) 
thrown [s\open\src\hotspot\share\interpreter\linkResolver.cpp, line 805]
Event: 0.308 Thread 0x000001e961a0e240 Exception <a 'sun/nio/fs/WindowsException'{0x000000072e41b6a0}> (0x000000072e41b6a0) 
thrown [s\open\src\hotspot\share\prims\jni.cpp, line 518]
Event: 0.311 Thread 0x000001e961a0e240 Exception <a 'sun/nio/fs/WindowsException'{0x000000072e4285b8}> (0x000000072e4285b8) 
thrown [s\open\src\hotspot\share\prims\jni.cpp, line 518]
Event: 0.314 Thread 0x000001e961a0e240 Exception <a 'sun/nio/fs/WindowsException'{0x000000072e43a5e8}> (0x000000072e43a5e8) 
thrown [s\open\src\hotspot\share\prims\jni.cpp, line 518]
Event: 0.351 Thread 0x000001e9616841b0 Exception <a 'java/lang/NoSuchMethodError'{0x000000072e33d6c0}: 'java.lang.Object java.lang.invoke.DirectMethodHandle$Holder.invokeStaticInit(java.lang.Object, int, int, int, int)'> (0x000000072e33d6c0) 
thrown [s\open\src\hotspot\share\interpreter\linkResolver.cpp, line 805]
Event: 0.372 Thread 0x000001e9616841b0 Exception <a 'java/lang/NoSuchMethodError'{0x000000072e3ea298}: 'java.lang.Object java.lang.invoke.DirectMethodHandle$Holder.invokeStaticInit(java.lang.Object, java.lang.Object, int, int, int, int)'> (0x000000072e3ea298) 
thrown [s\open\src\hotspot\share\interpreter\linkResolver.cpp, line 805]
Event: 0.383 Thread 0x000001e9616841b0 Exception <a 'java/lang/ClassNotFoundException'{0x000000072e12cef0}: javax/management/remote/rmi/RMIServerImpl_Skel> (0x000000072e12cef0) 
thrown [s\open\src\hotspot\share\classfile\systemDictionary.cpp, line 327]

VM Operations (10 events):
Event: 0.060 Executing VM operation: HandshakeAllThreads (Deoptimize)
Event: 0.060 Executing VM operation: HandshakeAllThreads (Deoptimize) done
Event: 0.125 Executing VM operation: HandshakeAllThreads (Deoptimize)
Event: 0.125 Executing VM operation: HandshakeAllThreads (Deoptimize) done
Event: 0.301 Executing VM operation: HandshakeAllThreads (Deoptimize)
Event: 0.301 Executing VM operation: HandshakeAllThreads (Deoptimize) done
Event: 0.307 Executing VM operation: HandshakeAllThreads (Deoptimize)
Event: 0.307 Executing VM operation: HandshakeAllThreads (Deoptimize) done
Event: 0.338 Executing VM operation: JFRSafepointClear
Event: 0.338 Executing VM operation: JFRSafepointClear done

Memory protections (0 events):
No events

Nmethod flushes (0 events):
No events

Events (16 events):
Event: 0.031 Thread 0x000001e961a0e240 Thread added: 0x000001e961a0e240
Event: 0.040 Thread 0x000001e961a0e240 Thread added: 0x000001e96167bfd0
Event: 0.040 Thread 0x000001e961a0e240 Thread added: 0x000001e96167d380
Event: 0.040 Thread 0x000001e961a0e240 Thread added: 0x000001e961681570
Event: 0.040 Thread 0x000001e961a0e240 Thread added: 0x000001e9616841b0
Event: 0.040 Thread 0x000001e961a0e240 Thread added: 0x000001e9430e4fe0
Event: 0.040 Thread 0x000001e961a0e240 Thread added: 0x000001e943105c50
Event: 0.040 Thread 0x000001e961a0e240 Thread added: 0x000001e94310f840
Event: 0.041 Thread 0x000001e961a0e240 Thread added: 0x000001e96168e060
Event: 0.056 Thread 0x000001e961a0e240 Thread added: 0x000001e9431d6b20
Event: 0.089 Thread 0x000001e961a0e240 Thread added: 0x000001e9433523f0
Event: 0.125 Thread 0x000001e96168e060 Thread added: 0x000001e94350eea0
Event: 0.145 Thread 0x000001e961a0e240 Thread added: 0x000001e94368f6f0
Event: 0.220 Thread 0x000001e96168e060 Thread added: 0x000001e948cb5780
Event: 0.300 Thread 0x000001e961a0e240 Thread added: 0x000001e9490bf570
Event: 0.387 Thread 0x000001e9616841b0 Thread added: 0x000001e948dedce0


Dynamic libraries:
0x00007ff6ba9e0000 - 0x00007ff6ba9ee000 	C:\Users\Bernardo\.jdks\openjdk-24\bin\java.exe
0x00007ffc15e80000 - 0x00007ffc160e3000 	C:\WINDOWS\SYSTEM32\ntdll.dll
0x00007ffc157c0000 - 0x00007ffc15887000 	C:\WINDOWS\System32\KERNEL32.DLL
0x00007ffc13280000 - 0x00007ffc13630000 	C:\WINDOWS\System32\KERNELBASE.dll
0x00007ffc13640000 - 0x00007ffc1378b000 	C:\WINDOWS\System32\ucrtbase.dll
0x00007ffbff780000 - 0x00007ffbff79b000 	C:\Users\Bernardo\.jdks\openjdk-24\bin\VCRUNTIME140.dll
0x00007ffc02f40000 - 0x00007ffc02f56000 	C:\Users\Bernardo\.jdks\openjdk-24\bin\jli.dll
0x00007ffc15a50000 - 0x00007ffc15c13000 	C:\WINDOWS\System32\USER32.dll
0x00007ffc13840000 - 0x00007ffc13867000 	C:\WINDOWS\System32\win32u.dll
0x00007ffc13d00000 - 0x00007ffc13d2a000 	C:\WINDOWS\System32\GDI32.dll
0x00007ffbf8ed0000 - 0x00007ffbf9160000 	C:\WINDOWS\WinSxS\amd64_microsoft.windows.common-controls_6595b64144ccf1df_6.0.26100.1882_none_3e0e949ae32eca40\COMCTL32.dll
0x00007ffc14130000 - 0x00007ffc141d9000 	C:\WINDOWS\System32\msvcrt.dll
0x00007ffc13930000 - 0x00007ffc13a53000 	C:\WINDOWS\System32\gdi32full.dll
0x00007ffc13790000 - 0x00007ffc13833000 	C:\WINDOWS\System32\msvcp_win.dll
0x00007ffc158a0000 - 0x00007ffc158cf000 	C:\WINDOWS\System32\IMM32.DLL
0x00007ffc02f30000 - 0x00007ffc02f3c000 	C:\Users\Bernardo\.jdks\openjdk-24\bin\vcruntime140_1.dll
0x00007ffbbd520000 - 0x00007ffbbd5ae000 	C:\Users\Bernardo\.jdks\openjdk-24\bin\msvcp140.dll
0x00007ffb69ce0000 - 0x00007ffb6aa82000 	C:\Users\Bernardo\.jdks\openjdk-24\bin\server\jvm.dll
0x00007ffc14970000 - 0x00007ffc14a24000 	C:\WINDOWS\System32\ADVAPI32.dll
0x00007ffc15460000 - 0x00007ffc15506000 	C:\WINDOWS\System32\sechost.dll
0x00007ffc13ff0000 - 0x00007ffc14106000 	C:\WINDOWS\System32\RPCRT4.dll
0x00007ffc153e0000 - 0x00007ffc15454000 	C:\WINDOWS\System32\WS2_32.dll
0x00007ffc13120000 - 0x00007ffc1316e000 	C:\WINDOWS\SYSTEM32\POWRPROF.dll
0x00007ffc0b410000 - 0x00007ffc0b41b000 	C:\WINDOWS\SYSTEM32\VERSION.dll
0x00007ffc0b0f0000 - 0x00007ffc0b126000 	C:\WINDOWS\SYSTEM32\WINMM.dll
0x00007ffc13050000 - 0x00007ffc13064000 	C:\WINDOWS\SYSTEM32\UMPDC.dll
0x00007ffc12000000 - 0x00007ffc1201a000 	C:\WINDOWS\SYSTEM32\kernel.appcore.dll
0x00007ffbff770000 - 0x00007ffbff77a000 	C:\Users\Bernardo\.jdks\openjdk-24\bin\jimage.dll
0x00007ffc0c580000 - 0x00007ffc0c7c1000 	C:\WINDOWS\SYSTEM32\DBGHELP.DLL
0x00007ffc14bd0000 - 0x00007ffc14f4c000 	C:\WINDOWS\System32\combase.dll
0x00007ffc15510000 - 0x00007ffc155e6000 	C:\WINDOWS\System32\OLEAUT32.dll
0x00007ffbdada0000 - 0x00007ffbdadd9000 	C:\WINDOWS\SYSTEM32\dbgcore.DLL
0x00007ffc13a60000 - 0x00007ffc13af9000 	C:\WINDOWS\System32\bcryptPrimitives.dll
0x00007ffbff700000 - 0x00007ffbff70f000 	C:\Users\Bernardo\.jdks\openjdk-24\bin\instrument.dll
0x00007ffbff710000 - 0x00007ffbff72e000 	C:\Users\Bernardo\.jdks\openjdk-24\bin\java.dll
0x00007ffc14a30000 - 0x00007ffc14bc9000 	C:\WINDOWS\System32\ole32.dll
0x00007ffc141e0000 - 0x00007ffc148d8000 	C:\WINDOWS\System32\SHELL32.dll
0x00007ffb9ca10000 - 0x00007ffb9cc1e000 	C:\Users\Bernardo\Downloads\ideaIU-2024.3.5.win\lib\async-profiler\amd64\libasyncProfiler.dll
0x00007ffc11000000 - 0x00007ffc1182a000 	C:\WINDOWS\SYSTEM32\windows.storage.dll
0x00007ffc13ef0000 - 0x00007ffc13fc3000 	C:\WINDOWS\System32\SHCORE.dll
0x00007ffc158e0000 - 0x00007ffc1593d000 	C:\WINDOWS\System32\shlwapi.dll
0x00007ffc131a0000 - 0x00007ffc131c9000 	C:\WINDOWS\SYSTEM32\profapi.dll
0x00007ffbbd220000 - 0x00007ffbbd2f7000 	C:\Users\Bernardo\.jdks\openjdk-24\bin\jsvml.dll
0x00007ffbbd4c0000 - 0x00007ffbbd4d7000 	C:\Users\Bernardo\.jdks\openjdk-24\bin\zip.dll
0x00007ffbff6f0000 - 0x00007ffbff700000 	C:\Users\Bernardo\.jdks\openjdk-24\bin\net.dll
0x00007ffc12580000 - 0x00007ffc125e8000 	C:\WINDOWS\system32\mswsock.dll
0x00007ffbdb0b0000 - 0x00007ffbdb0c6000 	C:\Users\Bernardo\.jdks\openjdk-24\bin\nio.dll
0x00007ffbf1340000 - 0x00007ffbf1349000 	C:\Users\Bernardo\.jdks\openjdk-24\bin\extnet.dll
0x00007ffc11b50000 - 0x00007ffc11c6f000 	C:\WINDOWS\SYSTEM32\DNSAPI.dll
0x00007ffc11ac0000 - 0x00007ffc11af1000 	C:\WINDOWS\SYSTEM32\IPHLPAPI.DLL
0x00007ffc15e30000 - 0x00007ffc15e3a000 	C:\WINDOWS\System32\NSI.dll
0x00007ffc06670000 - 0x00007ffc0667b000 	C:\Windows\System32\rasadhlp.dll
0x00007ffc0d310000 - 0x00007ffc0d396000 	C:\WINDOWS\System32\fwpuclnt.dll
0x00007ffbebfe0000 - 0x00007ffbebfea000 	C:\Users\Bernardo\.jdks\openjdk-24\bin\management.dll
0x00007ffbeb650000 - 0x00007ffbeb65b000 	C:\Users\Bernardo\.jdks\openjdk-24\bin\management_ext.dll
0x00007ffc13fd0000 - 0x00007ffc13fd8000 	C:\WINDOWS\System32\PSAPI.DLL
0x00007ffc12930000 - 0x00007ffc1294c000 	C:\WINDOWS\SYSTEM32\CRYPTSP.dll
0x00007ffc12020000 - 0x00007ffc12058000 	C:\WINDOWS\system32\rsaenh.dll
0x00007ffc12620000 - 0x00007ffc1264b000 	C:\WINDOWS\SYSTEM32\USERENV.dll
0x00007ffc12ac0000 - 0x00007ffc12ae6000 	C:\WINDOWS\SYSTEM32\bcrypt.dll
0x00007ffc127b0000 - 0x00007ffc127bc000 	C:\WINDOWS\SYSTEM32\CRYPTBASE.dll
0x00007ffbf09d0000 - 0x00007ffbf09e8000 	C:\WINDOWS\system32\napinsp.dll
0x00007ffbef2b0000 - 0x00007ffbef2c2000 	C:\WINDOWS\System32\winrnr.dll
0x00007ffbeb370000 - 0x00007ffbeb392000 	C:\WINDOWS\system32\nlansp_c.dll
0x00007ffbf82c0000 - 0x00007ffbf82d6000 	C:\WINDOWS\system32\wshbth.dll

dbghelp: loaded successfully - version: 4.0.5 - missing functions: none
symbol engine: initialized successfully - sym options: 0x614 - pdb path: .;C:\Users\Bernardo\.jdks\openjdk-24\bin;C:\WINDOWS\SYSTEM32;C:\WINDOWS\WinSxS\amd64_microsoft.windows.common-controls_6595b64144ccf1df_6.0.26100.1882_none_3e0e949ae32eca40;C:\Users\Bernardo\.jdks\openjdk-24\bin\server;C:\Users\Bernardo\Downloads\ideaIU-2024.3.5.win\lib\async-profiler\amd64

VM Arguments:
jvm_args: -javaagent:C:\Users\Bernardo\Downloads\ideaIU-2024.3.5.win\lib\idea_rt.jar=61546 -agentpath:C:\Users\Bernardo\Downloads\ideaIU-2024.3.5.win\lib\async-profiler\amd64\libasyncProfiler.dll=start,jfr,event=wall,interval=10ms,jfrsync=profile,cstack=no,file=C:\Users\Bernardo\IdeaSnapshots\Aula03Exercicios_2025_04_05_214220.jfr,dbghelppath=C:\Users\Bernardo\Downloads\ideaIU-2024.3.5.win\lib\async-profiler\amd64\dbghelp.dll,log=C:\Users\Bernardo\AppData\Local\Temp\Aula03Exercicios_2025_04_05_214220.jfr.log.txt,logLevel=DEBUG -Dfile.encoding=UTF-8 -Dsun.stdout.encoding=UTF-8 -Dsun.stderr.encoding=UTF-8 
java_command: besoares.dev.maratonajava.introducao.Aula03Exercicios
java_class_path (initial): C:\Users\Bernardo\IdeaProjects\Java Basic\out\production\Maratona Java Bsico
Launcher Type: SUN_STANDARD

[Global flags]
     intx CICompilerCount                          = 4                                         {product} {ergonomic}
     uint ConcGCThreads                            = 3                                         {product} {ergonomic}
     bool FlightRecorder                           = true                                      {product} {management}
     uint G1ConcRefinementThreads                  = 10                                        {product} {ergonomic}
   size_t G1HeapRegionSize                         = 2097152                                   {product} {ergonomic}
   size_t InitialHeapSize                          = 234881024                                 {product} {ergonomic}
   size_t MarkStackSize                            = 4194304                                   {product} {ergonomic}
   size_t MarkStackSizeMax                         = 536870912                                 {product} {ergonomic}
   size_t MaxHeapSize                              = 3730833408                                {product} {ergonomic}
   size_t MaxNewSize                               = 2237661184                                {product} {ergonomic}
   size_t MinHeapDeltaBytes                        = 2097152                                   {product} {ergonomic}
   size_t MinHeapSize                              = 8388608                                   {product} {ergonomic}
    uintx NonNMethodCodeHeapSize                   = 5832704                                {pd product} {ergonomic}
    uintx NonProfiledCodeHeapSize                  = 122945536                              {pd product} {ergonomic}
    uintx ProfiledCodeHeapSize                     = 122880000                              {pd product} {ergonomic}
    uintx ReservedCodeCacheSize                    = 251658240                              {pd product} {ergonomic}
     bool SegmentedCodeCache                       = true                                      {product} {ergonomic}
   size_t SoftMaxHeapSize                          = 3730833408                             {manageable} {ergonomic}
     bool UseCompressedOops                        = true                           {product lp64_product} {ergonomic}
     bool UseG1GC                                  = true                                      {product} {ergonomic}
     bool UseLargePagesIndividualAllocation        = false                                  {pd product} {ergonomic}

Logging:
Log output configuration:
 #0: stdout all=warning uptime,level,tags foldmultilines=false
 #1: stderr all=off uptime,level,tags foldmultilines=false

Environment Variables:
PATH=C:\WINDOWS\system32;C:\WINDOWS;C:\WINDOWS\System32\Wbem;C:\WINDOWS\System32\WindowsPowerShell\v1.0\;C:\MinGW\bin;C:\Program Files\Git\cmd;C:\Users\Bernardo\AppData\Local\Microsoft\WindowsApps;C:\Users\Bernardo\AppData\Local\Programs\Microsoft VS Code\bin;C:\MinGW\bin;
USERNAME=Bernardo
OS=Windows_NT
PROCESSOR_IDENTIFIER=AMD64 Family 25 Model 80 Stepping 0, AuthenticAMD
TMP=C:\Users\Bernardo\AppData\Local\Temp
TEMP=C:\Users\Bernardo\AppData\Local\Temp




Periodic native trim disabled

---------------  S Y S T E M  ---------------

OS:
 Windows 11 , 64 bit Build 26100 (10.0.26100.1882)
OS uptime: 19 days 10:34 hours
Hyper-V role detected

CPU: total 12 (initial active 12) (12 cores per cpu, 2 threads per core) family 25 model 80 stepping 0 microcode 0xa50000d, cx8, cmov, fxsr, ht, mmx, 3dnowpref, sse, sse2, sse3, ssse3, sse4a, sse4.1, sse4.2, popcnt, lzcnt, tsc, tscinvbit, avx, avx2, aes, erms, clmul, bmi1, bmi2, adx, sha, fma, vzeroupper, clflush, clflushopt, hv, rdtscp, rdpid, fsrm, f16c, cet_ss
Processor Information for the first 12 processors :
  Max Mhz: 3600, Current Mhz: 3600, Mhz Limit: 3600

Memory: 4k page, system-wide physical 14228M (3919M free)
TotalPageFile size 16916M (AvailPageFile size 961M)
current process WorkingSet (physical memory assigned to process): 96M, peak: 96M
current process commit charge ("private bytes"): 365M, peak: 366M

vm_info: OpenJDK 64-Bit Server VM (24+36-3646) for windows-amd64 JRE (24+36-3646), built on 2025-02-06T00:20:43Z with MS VC++ 17.6 (VS2022)

END.
