#
# A fatal error has been detected by the Java Runtime Environment:
#
#  EXCEPTION_ACCESS_VIOLATION (0xc0000005) at pc=0x00007ffbbd183004, pid=4488, tid=16036
#
# JRE version: OpenJDK Runtime Environment (24.0+36) (build 24+36-3646)
# Java VM: OpenJDK 64-Bit Server VM (24+36-3646, mixed mode, sharing, tiered, compressed oops, compressed class ptrs, g1 gc, windows-amd64)
# Problematic frame:
# C  [libasyncProfiler.dll+0x93004]
#
# No core dump will be written. Minidumps are not enabled by default on client versions of Windows
#
# JFR recording file will be written. Location: C:\Users\Bernardo\IdeaProjects\Java Basic\hs_err_pid4488.jfr
#
# If you would like to submit a bug report, please visit:
#   https://bugreport.java.com/bugreport/crash.jsp
# The crash happened outside the Java Virtual Machine in native code.
# See problematic frame for where to report the bug.
#

---------------  S U M M A R Y ------------

Command Line: -javaagent:C:\Users\Bernardo\Downloads\ideaIU-2024.3.5.win\lib\idea_rt.jar=56693 -agentpath:C:\Users\Bernardo\Downloads\ideaIU-2024.3.5.win\lib\async-profiler\amd64\libasyncProfiler.dll=start,jfr,event=wall,interval=10ms,jfrsync=profile,cstack=no,file=C:\Users\Bernardo\IdeaSnapshots\HelloWorld_2025_04_05_181627.jfr,dbghelppath=C:\Users\Bernardo\Downloads\ideaIU-2024.3.5.win\lib\async-profiler\amd64\dbghelp.dll,log=C:\Users\Bernardo\AppData\Local\Temp\HelloWorld_2025_04_05_181627.jfr.log.txt,logLevel=DEBUG -Dfile.encoding=UTF-8 -Dsun.stdout.encoding=UTF-8 -Dsun.stderr.encoding=UTF-8 HelloWorld

Host: AMD Ryzen 5 5600GT with Radeon Graphics        , 12 cores, 13G,  Windows 11 , 64 bit Build 26100 (10.0.26100.1882)
Time: Sat Apr  5 18:16:28 2025 Hora oficial do Brasil elapsed time: 0.395435 seconds (0d 0h 0m 0s)

---------------  T H R E A D  ---------------

Current thread (0x000001ed561809e0):  JavaThread "main"             [_thread_in_native, id=16036, stack(0x000000b3fb900000,0x000000b3fba00000) (1024K)]

Stack: [0x000000b3fb900000,0x000000b3fba00000],  sp=0x000000b3fb9fea30,  free space=1018k
Native frames: (J=compiled Java code, j=interpreted, Vv=VM code, C=native code)
C  [libasyncProfiler.dll+0x93004]  (no source info available)
C  [libasyncProfiler.dll+0x934db]  (no source info available)
C  [libasyncProfiler.dll+0x92134]  (no source info available)
C  [libasyncProfiler.dll+0x929aa]  (no source info available)
C  [libasyncProfiler.dll+0x8d561]  (no source info available)
C  [libasyncProfiler.dll+0x7ef21]  (no source info available)
C  [libasyncProfiler.dll+0x7dc38]  (no source info available)
C  [libasyncProfiler.dll+0x7db20]  (no source info available)
C  [libasyncProfiler.dll+0x83c3c]  (no source info available)
V  [jvm.dll+0x5e3a5e]  (no source info available)
V  [jvm.dll+0x8861e6]  (no source info available)
V  [jvm.dll+0x49604e]  (no source info available)
V  [jvm.dll+0x497e21]  (no source info available)
C  [jli.dll+0x52a1]  (no source info available)
C  [ucrtbase.dll+0x14ea0]  (no source info available)
C  [KERNEL32.DLL+0x2dbe7]  (no source info available)
C  [ntdll.dll+0x85a4c]  (no source info available)


siginfo: EXCEPTION_ACCESS_VIOLATION (0xc0000005), reading address 0xffffffffffffffff


Registers:
RAX=0x0000000000000010, RBX=0x0000000000000000, RCX=0xffffffffffffffff, RDX=0x007ffb69962ff010
RSP=0x000000b3fb9fea30, RBP=0x000001ed414334a8, RSI=0x000000b3fb9feba0, RDI=0x000001ed414334a8
R8 =0x0000000000000042, R9 =0x000000072f801ee8, R10=0x00007ffb69bd9fc0, R11=0x0000000000000002
R12=0x000000b3fb9feba0, R13=0x000001ed5410ff30, R14=0x000001ed56180da8, R15=0x000001ed56180da8
RIP=0x00007ffbbd183004, EFLAGS=0x0000000000010202

XMM[0]=0x0000000000000000 0x0000000000000000
XMM[1]=0x0000000000000000 0x0000000000000000
XMM[2]=0x0000000000000000 0x0000000000000000
XMM[3]=0x0000000000000000 0x0000000000000000
XMM[4]=0x0000000000000000 0x0000000000000000
XMM[5]=0x0000000000000000 0x0000000000000000
XMM[6]=0x0000000000000000 0x0000000000000000
XMM[7]=0x0000000000000000 0x0000000000000000
XMM[8]=0x0000000000000000 0x0000000000000000
XMM[9]=0x0000000000000000 0x0000000000000000
XMM[10]=0x0000000000000000 0x0000000000000000
XMM[11]=0x0000000000000000 0x0000000000000000
XMM[12]=0x0000000000000000 0x0000000000000000
XMM[13]=0x0000000000000000 0x0000000000000000
XMM[14]=0x0000000000000000 0x0000000000000000
XMM[15]=0x0000000000000000 0x0000000000000000
  MXCSR=0x00001fa0


Register to memory mapping:

RAX=0x0000000000000010 is an unknown value
RBX=0x0 is null
RCX=0xffffffffffffffff is an unknown value
RDX=0x007ffb69962ff010 is an unknown value
RSP=0x000000b3fb9fea30 is pointing into the stack for thread: 0x000001ed561809e0
RBP=0x000001ed414334a8 points into unknown readable memory: 0x000000072f801ee8 | e8 1e 80 2f 07 00 00 00
RSI=0x000000b3fb9feba0 is pointing into the stack for thread: 0x000001ed561809e0
RDI=0x000001ed414334a8 points into unknown readable memory: 0x000000072f801ee8 | e8 1e 80 2f 07 00 00 00
R8 =0x0000000000000042 is an unknown value
R9 =0x000000072f801ee8 is an oop: java.lang.Thread 
{0x000000072f801ee8} - klass: 'java/lang/Thread' - flags: 

 - ---- fields (total size 14 words):
 - 'threadLocalRandomProbe' 'I' @12  0 (0x00000000)
 - private volatile 'eetop' 'J' @16  2118863292896 (0x000001ed561809e0)
 - private final 'tid' 'J' @24  3 (0x0000000000000003)
 - 'threadLocalRandomSeed' 'J' @32  0 (0x0000000000000000)
 - injected 'jvmti_thread_state' 'J' @40  2118864770224 (0x000001ed562e94b0)
 - 'threadLocalRandomSecondarySeed' 'I' @48  0 (0x00000000)
 - injected 'jvmti_VTMS_transition_disable_count' 'I' @52  0 (0x00000000)
 - injected 'jfr_epoch' 'S' @56  0 (0x0000)
 - volatile 'interrupted' 'Z' @58  false (0x00)
 - injected 'jvmti_is_in_VTMS_transition' 'Z' @59  false (0x00)
 - private volatile 'name' 'Ljava/lang/String;' @60  "main"{0x000000072f801f58} (0xe5f003eb)
 - private volatile 'contextClassLoader' 'Ljava/lang/ClassLoader;' @64  a 'jdk/internal/loader/ClassLoaders$AppClassLoader'{0x000000072f815b30} (0xe5f02b66)
 - private final 'holder' 'Ljava/lang/Thread$FieldHolder;' @68  a 'java/lang/Thread$FieldHolder'{0x000000072f801f98} (0xe5f003f3)
 - 'threadLocals' 'Ljava/lang/ThreadLocal$ThreadLocalMap;' @72  a 'java/lang/ThreadLocal$ThreadLocalMap'{0x000000072f63ce40} (0xe5ec79c8)
 - 'inheritableThreadLocals' 'Ljava/lang/ThreadLocal$ThreadLocalMap;' @76  null (0x00000000)
 - private 'scopedValueBindings' 'Ljava/lang/Object;' @80  a 'java/lang/Class'{0x00000007ffe7c280} = 'java/lang/Thread' (0xfffcf850)
 - final 'interruptLock' 'Ljava/lang/Object;' @84  a 'java/lang/Object'{0x000000072f801f88} (0xe5f003f1)
 - private volatile 'parkBlocker' 'Ljava/lang/Object;' @88  null (0x00000000)
 - private 'nioBlocker' 'Lsun/nio/ch/Interruptible;' @92  null (0x00000000)
 - private 'cont' 'Ljdk/internal/vm/Continuation;' @96  null (0x00000000)
 - private volatile 'uncaughtExceptionHandler' 'Ljava/lang/Thread$UncaughtExceptionHandler;' @100  null (0x00000000)
 - private 'container' 'Ljdk/internal/vm/ThreadContainer;' @104  null (0x00000000)
 - private volatile 'headStackableScopes' 'Ljdk/internal/vm/StackableScope;' @108  null (0x00000000)
R10=0x00007ffb69bd9fc0 jvm.dll
R11=0x0000000000000002 is an unknown value
R12=0x000000b3fb9feba0 is pointing into the stack for thread: 0x000001ed561809e0
R13=0x000001ed5410ff30 points into unknown readable memory: 0x00007ffb69b4a510 | 10 a5 b4 69 fb 7f 00 00
R14=0x000001ed56180da8 points into unknown readable memory: 0x00007ffb69b417b0 | b0 17 b4 69 fb 7f 00 00
R15=0x000001ed56180da8 points into unknown readable memory: 0x00007ffb69b417b0 | b0 17 b4 69 fb 7f 00 00

Top of Stack: (sp=0x000000b3fb9fea30)
0x000000b3fb9fea30:   000000b3fb9feba0 000001ed414334a8   .........4CA....
0x000000b3fb9fea40:   0000000000000000 000001ed56181130   ........0..V....
0x000000b3fb9fea50:   000000000000001a 00007ffbbd1834db   .........4......
0x000000b3fb9fea60:   0000000000000000 000001ed56180da8   ...........V....
0x000000b3fb9fea70:   000000b3fb9feb01 0000000000000000   ................
0x000000b3fb9fea80:   000001ed4600e140 00007ffbbd182134   @..F....4!......
0x000000b3fb9fea90:   0000000000000000 000000000000001a   ................
0x000000b3fb9feaa0:   0000000000000000 000000000000001a   ................
0x000000b3fb9feab0:   0000000900000002 000001ed4601e5e0   ...........F....
0x000000b3fb9feac0:   000001ed4600e140 000001ed4600e1a8   @..F.......F....
0x000000b3fb9fead0:   000001ed4600e1b0 0000000000002c8c   ...F.....,......
0x000000b3fb9feae0:   0000000000000000 0000000000000000   ................
0x000000b3fb9feaf0:   0000000000000000 00007ffb693a58e4   .........X:i....
0x000000b3fb9feb00:   00007ffbbd2dae00 0000000000001188   ..-.............
0x000000b3fb9feb10:   00007ffbbd2dae00 00000000ffffffff   ..-.............
0x000000b3fb9feb20:   0000000000000000 00007ffbbd1829aa   .........)......
0x000000b3fb9feb30:   000001ed56180da8 0000000000000000   ...V............
0x000000b3fb9feb40:   000000b3fb9feba9 000001ed5410ff30   ........0..T....
0x000000b3fb9feb50:   000001ed000021b4 0000000000000000   .!..............
0x000000b3fb9feb60:   0000000000000000 00007ffc13327129   ........)q2.....
0x000000b3fb9feb70:   000001ed56180da8 00007ffbbd2dae00   ...V......-.....
0x000000b3fb9feb80:   0000000000000000 00007ffbbd21bc53   ........S.!.....
0x000000b3fb9feb90:   0000000000000000 000001ed56180da8   ...........V....
0x000000b3fb9feba0:   000001ed4146da00 000001ed4146dd40   ..FA....@.FA....
0x000000b3fb9febb0:   000001ed4146dd40 00007ffbbd2dae00   @.FA......-.....
0x000000b3fb9febc0:   000001ed566050c8 000000b3fb9fed38   .P`V....8.......
0x000000b3fb9febd0:   000000b3fb9fee70 0000000000008840   p.......@.......
0x000000b3fb9febe0:   00007ffbbd2cd080 00007ffbbd2dae50   ..,.....P.-.....
0x000000b3fb9febf0:   0000000000989680 0000000000989680   ................
0x000000b3fb9fec00:   000000b3fb9fed10 00007ffbbd17d561   ........a.......
0x000000b3fb9fec10:   00007ffbbd2dae00 00007ffbbd2dae58   ..-.....X.-.....
0x000000b3fb9fec20:   00007ffb00000000 003794f600000001   ..............7.

Instructions: (pc=0x00007ffbbd183004)
  0x00007ffbbd182f04:   cc cc cc cc cc cc cc cc cc cc cc cc cc cc cc cc
  0x00007ffbbd182f14:   cc cc cc cc cc cc cc cc cc cc cc cc cc cc cc cc
  0x00007ffbbd182f24:   cc cc cc cc cc cc cc cc cc cc cc cc cc cc cc cc
  0x00007ffbbd182f34:   cc cc cc cc cc cc cc cc cc cc cc cc cc cc cc cc
  0x00007ffbbd182f44:   cc cc cc cc cc cc cc cc cc cc cc cc cc cc cc cc
  0x00007ffbbd182f54:   cc cc cc cc cc cc cc cc cc cc cc cc cc cc cc cc
  0x00007ffbbd182f64:   cc cc cc cc cc cc cc cc cc cc cc cc cc cc cc cc
  0x00007ffbbd182f74:   cc cc cc cc cc cc cc cc cc cc cc cc cc cc cc cc
  0x00007ffbbd182f84:   cc cc cc cc cc cc cc cc cc cc cc cc 40 57 48 83
  0x00007ffbbd182f94:   ec 20 48 8b f9 48 8b 0d 30 80 15 00 48 85 c9 74
  0x00007ffbbd182fa4:   20 48 8b 01 48 8d 54 24 38 41 b8 06 00 01 00 4c
  0x00007ffbbd182fb4:   8b 48 30 41 ff d1 85 c0 75 07 48 8b 4c 24 38 eb
  0x00007ffbbd182fc4:   02 33 c9 4c 8b 05 0a 81 15 00 48 89 5c 24 30 4d
  0x00007ffbbd182fd4:   85 c0 74 4a 48 8b 01 48 8b d7 4c 8b 88 28 03 00
  0x00007ffbbd182fe4:   00 41 ff d1 48 85 c0 74 35 48 63 0d b8 3d 15 00
  0x00007ffbbd182ff4:   48 8b 14 01 48 85 d2 74 15 48 63 05 bc 3d 15 00
=>0x00007ffbbd183004:   8b 04 10 48 8b 5c 24 30 48 83 c4 20 5f c3 b8 ff
  0x00007ffbbd183014:   ff ff ff 48 8b 5c 24 30 48 83 c4 20 5f c3 80 3d
  0x00007ffbbd183024:   bb 7f 15 00 00 bb ff ff ff ff 74 20 4c 8b 0d 51
  0x00007ffbbd183034:   7c 15 00 4c 8d 44 24 38 48 8b 0d 35 7c 15 00 48
  0x00007ffbbd183044:   8b d7 41 ff d1 85 c0 0f 44 5c 24 38 8b c3 48 8b
  0x00007ffbbd183054:   5c 24 30 48 83 c4 20 5f c3 cc cc cc cc cc cc cc
  0x00007ffbbd183064:   cc cc cc cc cc cc cc cc cc cc cc cc cc cc cc cc
  0x00007ffbbd183074:   cc cc cc cc cc cc cc cc cc cc cc cc cc cc cc cc
  0x00007ffbbd183084:   cc cc cc cc cc cc cc cc cc cc cc cc 48 89 54 24
  0x00007ffbbd183094:   10 53 55 56 57 41 56 41 57 48 83 ec 28 48 8b f2
  0x00007ffbbd1830a4:   4c 8b f1 48 89 4c 24 78 45 33 ff 44 89 7c 24 68
  0x00007ffbbd1830b4:   c7 44 24 60 01 00 00 00 48 8d 4c 24 68 e8 69 3c
  0x00007ffbbd1830c4:   f7 ff 8b d8 48 8d 4c 24 60 e8 5d 3c f7 ff 8b e8
  0x00007ffbbd1830d4:   49 8b ce e8 33 f3 f6 ff 48 8b f8 90 8b c3 f0 0f
  0x00007ffbbd1830e4:   b1 2f 74 04 f3 90 eb f4 4c 89 3e 4c 89 7e 08 4c
  0x00007ffbbd1830f4:   89 7e 10 49 8b 6e 08 4d 8b 76 10 49 3b ee 0f 84


Stack slot to memory mapping:

stack at sp + 0 slots: 0x000000b3fb9feba0 is pointing into the stack for thread: 0x000001ed561809e0
stack at sp + 1 slots: 0x000001ed414334a8 points into unknown readable memory: 0x000000072f801ee8 | e8 1e 80 2f 07 00 00 00
stack at sp + 2 slots: 0x0 is null
stack at sp + 3 slots: 0x000001ed56181130 points into unknown readable memory: 0x6e616c2e6176616a | 6a 61 76 61 2e 6c 61 6e
stack at sp + 4 slots: 0x000000000000001a is an unknown value
stack at sp + 5 slots: 0x00007ffbbd1834db libasyncProfiler.dll
stack at sp + 6 slots: 0x0 is null
stack at sp + 7 slots: 0x000001ed56180da8 points into unknown readable memory: 0x00007ffb69b417b0 | b0 17 b4 69 fb 7f 00 00

Lock stack of current Java thread (top to bottom):


---------------  P R O C E S S  ---------------

Threads class SMR info:
_java_thread_list=0x000001ed412fa120, length=15, elements={
0x000001ed561809e0, 0x000001ed410f9ae0, 0x000001ed410fc430, 0x000001ed411017f0,
0x000001ed41102320, 0x000001ed41106e60, 0x000001ed41107ac0, 0x000001ed41116060,
0x000001ed41119c40, 0x000001ed411d4120, 0x000001ed4141c5c0, 0x000001ed41b0e030,
0x000001ed41beacc0, 0x000001ed460060c0, 0x000001ed41bab170
}

Java Threads: ( => current thread )
=>0x000001ed561809e0 JavaThread "main"                              [_thread_in_native, id=16036, stack(0x000000b3fb900000,0x000000b3fba00000) (1024K)]
  0x000001ed410f9ae0 JavaThread "Reference Handler"          daemon [_thread_blocked, id=8384, stack(0x000000b3fc100000,0x000000b3fc200000) (1024K)]
  0x000001ed410fc430 JavaThread "Finalizer"                  daemon [_thread_blocked, id=14424, stack(0x000000b3fc200000,0x000000b3fc300000) (1024K)]
  0x000001ed411017f0 JavaThread "Signal Dispatcher"          daemon [_thread_blocked, id=4184, stack(0x000000b3fc300000,0x000000b3fc400000) (1024K)]
  0x000001ed41102320 JavaThread "Attach Listener"            daemon [_thread_blocked, id=7788, stack(0x000000b3fc400000,0x000000b3fc500000) (1024K)]
  0x000001ed41106e60 JavaThread "Service Thread"             daemon [_thread_blocked, id=20632, stack(0x000000b3fc500000,0x000000b3fc600000) (1024K)]
  0x000001ed41107ac0 JavaThread "Monitor Deflation Thread"   daemon [_thread_blocked, id=18932, stack(0x000000b3fc600000,0x000000b3fc700000) (1024K)]
  0x000001ed41116060 JavaThread "C2 CompilerThread0"         daemon [_thread_blocked, id=9540, stack(0x000000b3fc700000,0x000000b3fc800000) (1024K)]
  0x000001ed41119c40 JavaThread "C1 CompilerThread0"         daemon [_thread_blocked, id=3456, stack(0x000000b3fc800000,0x000000b3fc900000) (1024K)]
  0x000001ed411d4120 JavaThread "Common-Cleaner"             daemon [_thread_blocked, id=13992, stack(0x000000b3fc900000,0x000000b3fca00000) (1024K)]
  0x000001ed4141c5c0 JavaThread "Monitor Ctrl-Break"         daemon [_thread_in_native, id=19392, stack(0x000000b3fca00000,0x000000b3fcb00000) (1024K)]
  0x000001ed41b0e030 JavaThread "C2 CompilerThread1"         daemon [_thread_blocked, id=3600, stack(0x000000b3fcb00000,0x000000b3fcc00000) (1024K)]
  0x000001ed41beacc0 JavaThread "JFR Recorder Thread"        daemon [_thread_in_native, id=7656, stack(0x000000b3fcc00000,0x000000b3fcd00000) (1024K)]
  0x000001ed460060c0 JavaThread "C2 CompilerThread2"         daemon [_thread_blocked, id=8068, stack(0x000000b3fcd00000,0x000000b3fce00000) (1024K)]
  0x000001ed41bab170 JavaThread "JFR Periodic Tasks"         daemon [_thread_blocked, id=11404, stack(0x000000b3fce00000,0x000000b3fcf00000) (1024K)]
Total: 15

Other Threads:
  0x000001ed410e5430 VMThread "VM Thread"                           [id=5920, stack(0x000000b3fc000000,0x000000b3fc100000) (1024K)]
  0x000001ed562a1910 WatcherThread "VM Periodic Task Thread"        [id=15652, stack(0x000000b3fbf00000,0x000000b3fc000000) (1024K)]
  0x000001ed561de2c0 WorkerThread "GC Thread#0"                     [id=16776, stack(0x000000b3fba00000,0x000000b3fbb00000) (1024K)]
  0x000001ed5620a9e0 ConcurrentGCThread "G1 Main Marker"            [id=15916, stack(0x000000b3fbb00000,0x000000b3fbc00000) (1024K)]
  0x000001ed5620bba0 WorkerThread "G1 Conc#0"                       [id=16888, stack(0x000000b3fbc00000,0x000000b3fbd00000) (1024K)]
  0x000001ed562866a0 ConcurrentGCThread "G1 Refine#0"               [id=16368, stack(0x000000b3fbd00000,0x000000b3fbe00000) (1024K)]
  0x000001ed56287fe0 ConcurrentGCThread "G1 Service"                [id=1372, stack(0x000000b3fbe00000,0x000000b3fbf00000) (1024K)]
Total: 7

Threads with active compile tasks:
Total: 0

VM state: not at safepoint (normal execution)

VM Mutex/Monitor currently owned by a thread: None

Heap address: 0x0000000721a00000, size: 3558 MB, Compressed Oops mode: Zero based, Oop shift amount: 3

CDS archive(s) mapped at: [0x000001ed00000000-0x000001ed00d40000-0x000001ed00d40000), size 13893632, SharedBaseAddress: 0x000001ed00000000, ArchiveRelocationMode: 1.
Compressed class space mapped at: 0x000001ed01000000-0x000001ed41000000, reserved size: 1073741824
UseCompressedClassPointers 1, UseCompactObjectHeaders 0
Narrow klass pointer bits 32, Max shift 3
Narrow klass base: 0x000001ed00000000, Narrow klass shift: 0
Encoding Range: [0x000001ed00000000 - 0x000001ee00000000), (4294967296 bytes)
Klass Range:    [0x000001ed00000000 - 0x000001ed41000000), (1090519040 bytes)
Klass ID Range:  [8 - 1090519033) (1090519025)

GC Precious Log:
 CardTable entry size: 512
 Card Set container configuration: InlinePtr #cards 4 size 8 Array Of Cards #cards 16 size 48 Howl #buckets 8 coarsen threshold 3686 Howl Bitmap #cards 512 size 80 coarsen threshold 460 Card regions per heap region 1 cards per card region 4096
 CPUs: 12 total, 12 available
 Memory: 14228M
 Large Page Support: Disabled
 NUMA Support: Disabled
 Compressed Oops: Enabled (Zero based)
 Heap Region Size: 2M
 Heap Min Capacity: 8M
 Heap Initial Capacity: 224M
 Heap Max Capacity: 3558M
 Pre-touch: Disabled
 Parallel Workers: 10
 Concurrent Workers: 3
 Concurrent Refinement Workers: 10
 Periodic GC: Disabled

Heap:
 garbage-first heap   total reserved 3643392K, committed 231424K, used 17520K [0x0000000721a00000, 0x0000000800000000)
  region size 2048K, 9 young (18432K), 0 survivors (0K)
 Metaspace       used 3418K, committed 3584K, reserved 1114112K
  class space    used 303K, committed 384K, reserved 1048576K

Heap Regions: E=young(eden), S=young(survivor), O=old, HS=humongous(starts), HC=humongous(continues), CS=collection set, F=free, TAMS=top-at-mark-start, PB=parsable bottom
|   0|0x0000000721a00000, 0x0000000721a00000, 0x0000000721c00000|  0%| F|  |TAMS 0x0000000721a00000| PB 0x0000000721a00000| Untracked |  0
|   1|0x0000000721c00000, 0x0000000721c00000, 0x0000000721e00000|  0%| F|  |TAMS 0x0000000721c00000| PB 0x0000000721c00000| Untracked |  0
|   2|0x0000000721e00000, 0x0000000721e00000, 0x0000000722000000|  0%| F|  |TAMS 0x0000000721e00000| PB 0x0000000721e00000| Untracked |  0
|   3|0x0000000722000000, 0x0000000722000000, 0x0000000722200000|  0%| F|  |TAMS 0x0000000722000000| PB 0x0000000722000000| Untracked |  0
|   4|0x0000000722200000, 0x0000000722200000, 0x0000000722400000|  0%| F|  |TAMS 0x0000000722200000| PB 0x0000000722200000| Untracked |  0
|   5|0x0000000722400000, 0x0000000722400000, 0x0000000722600000|  0%| F|  |TAMS 0x0000000722400000| PB 0x0000000722400000| Untracked |  0
|   6|0x0000000722600000, 0x0000000722600000, 0x0000000722800000|  0%| F|  |TAMS 0x0000000722600000| PB 0x0000000722600000| Untracked |  0
|   7|0x0000000722800000, 0x0000000722800000, 0x0000000722a00000|  0%| F|  |TAMS 0x0000000722800000| PB 0x0000000722800000| Untracked |  0
|   8|0x0000000722a00000, 0x0000000722a00000, 0x0000000722c00000|  0%| F|  |TAMS 0x0000000722a00000| PB 0x0000000722a00000| Untracked |  0
|   9|0x0000000722c00000, 0x0000000722c00000, 0x0000000722e00000|  0%| F|  |TAMS 0x0000000722c00000| PB 0x0000000722c00000| Untracked |  0
|  10|0x0000000722e00000, 0x0000000722e00000, 0x0000000723000000|  0%| F|  |TAMS 0x0000000722e00000| PB 0x0000000722e00000| Untracked |  0
|  11|0x0000000723000000, 0x0000000723000000, 0x0000000723200000|  0%| F|  |TAMS 0x0000000723000000| PB 0x0000000723000000| Untracked |  0
|  12|0x0000000723200000, 0x0000000723200000, 0x0000000723400000|  0%| F|  |TAMS 0x0000000723200000| PB 0x0000000723200000| Untracked |  0
|  13|0x0000000723400000, 0x0000000723400000, 0x0000000723600000|  0%| F|  |TAMS 0x0000000723400000| PB 0x0000000723400000| Untracked |  0
|  14|0x0000000723600000, 0x0000000723600000, 0x0000000723800000|  0%| F|  |TAMS 0x0000000723600000| PB 0x0000000723600000| Untracked |  0
|  15|0x0000000723800000, 0x0000000723800000, 0x0000000723a00000|  0%| F|  |TAMS 0x0000000723800000| PB 0x0000000723800000| Untracked |  0
|  16|0x0000000723a00000, 0x0000000723a00000, 0x0000000723c00000|  0%| F|  |TAMS 0x0000000723a00000| PB 0x0000000723a00000| Untracked |  0
|  17|0x0000000723c00000, 0x0000000723c00000, 0x0000000723e00000|  0%| F|  |TAMS 0x0000000723c00000| PB 0x0000000723c00000| Untracked |  0
|  18|0x0000000723e00000, 0x0000000723e00000, 0x0000000724000000|  0%| F|  |TAMS 0x0000000723e00000| PB 0x0000000723e00000| Untracked |  0
|  19|0x0000000724000000, 0x0000000724000000, 0x0000000724200000|  0%| F|  |TAMS 0x0000000724000000| PB 0x0000000724000000| Untracked |  0
|  20|0x0000000724200000, 0x0000000724200000, 0x0000000724400000|  0%| F|  |TAMS 0x0000000724200000| PB 0x0000000724200000| Untracked |  0
|  21|0x0000000724400000, 0x0000000724400000, 0x0000000724600000|  0%| F|  |TAMS 0x0000000724400000| PB 0x0000000724400000| Untracked |  0
|  22|0x0000000724600000, 0x0000000724600000, 0x0000000724800000|  0%| F|  |TAMS 0x0000000724600000| PB 0x0000000724600000| Untracked |  0
|  23|0x0000000724800000, 0x0000000724800000, 0x0000000724a00000|  0%| F|  |TAMS 0x0000000724800000| PB 0x0000000724800000| Untracked |  0
|  24|0x0000000724a00000, 0x0000000724a00000, 0x0000000724c00000|  0%| F|  |TAMS 0x0000000724a00000| PB 0x0000000724a00000| Untracked |  0
|  25|0x0000000724c00000, 0x0000000724c00000, 0x0000000724e00000|  0%| F|  |TAMS 0x0000000724c00000| PB 0x0000000724c00000| Untracked |  0
|  26|0x0000000724e00000, 0x0000000724e00000, 0x0000000725000000|  0%| F|  |TAMS 0x0000000724e00000| PB 0x0000000724e00000| Untracked |  0
|  27|0x0000000725000000, 0x0000000725000000, 0x0000000725200000|  0%| F|  |TAMS 0x0000000725000000| PB 0x0000000725000000| Untracked |  0
|  28|0x0000000725200000, 0x0000000725200000, 0x0000000725400000|  0%| F|  |TAMS 0x0000000725200000| PB 0x0000000725200000| Untracked |  0
|  29|0x0000000725400000, 0x0000000725400000, 0x0000000725600000|  0%| F|  |TAMS 0x0000000725400000| PB 0x0000000725400000| Untracked |  0
|  30|0x0000000725600000, 0x0000000725600000, 0x0000000725800000|  0%| F|  |TAMS 0x0000000725600000| PB 0x0000000725600000| Untracked |  0
|  31|0x0000000725800000, 0x0000000725800000, 0x0000000725a00000|  0%| F|  |TAMS 0x0000000725800000| PB 0x0000000725800000| Untracked |  0
|  32|0x0000000725a00000, 0x0000000725a00000, 0x0000000725c00000|  0%| F|  |TAMS 0x0000000725a00000| PB 0x0000000725a00000| Untracked |  0
|  33|0x0000000725c00000, 0x0000000725c00000, 0x0000000725e00000|  0%| F|  |TAMS 0x0000000725c00000| PB 0x0000000725c00000| Untracked |  0
|  34|0x0000000725e00000, 0x0000000725e00000, 0x0000000726000000|  0%| F|  |TAMS 0x0000000725e00000| PB 0x0000000725e00000| Untracked |  0
|  35|0x0000000726000000, 0x0000000726000000, 0x0000000726200000|  0%| F|  |TAMS 0x0000000726000000| PB 0x0000000726000000| Untracked |  0
|  36|0x0000000726200000, 0x0000000726200000, 0x0000000726400000|  0%| F|  |TAMS 0x0000000726200000| PB 0x0000000726200000| Untracked |  0
|  37|0x0000000726400000, 0x0000000726400000, 0x0000000726600000|  0%| F|  |TAMS 0x0000000726400000| PB 0x0000000726400000| Untracked |  0
|  38|0x0000000726600000, 0x0000000726600000, 0x0000000726800000|  0%| F|  |TAMS 0x0000000726600000| PB 0x0000000726600000| Untracked |  0
|  39|0x0000000726800000, 0x0000000726800000, 0x0000000726a00000|  0%| F|  |TAMS 0x0000000726800000| PB 0x0000000726800000| Untracked |  0
|  40|0x0000000726a00000, 0x0000000726a00000, 0x0000000726c00000|  0%| F|  |TAMS 0x0000000726a00000| PB 0x0000000726a00000| Untracked |  0
|  41|0x0000000726c00000, 0x0000000726c00000, 0x0000000726e00000|  0%| F|  |TAMS 0x0000000726c00000| PB 0x0000000726c00000| Untracked |  0
|  42|0x0000000726e00000, 0x0000000726e00000, 0x0000000727000000|  0%| F|  |TAMS 0x0000000726e00000| PB 0x0000000726e00000| Untracked |  0
|  43|0x0000000727000000, 0x0000000727000000, 0x0000000727200000|  0%| F|  |TAMS 0x0000000727000000| PB 0x0000000727000000| Untracked |  0
|  44|0x0000000727200000, 0x0000000727200000, 0x0000000727400000|  0%| F|  |TAMS 0x0000000727200000| PB 0x0000000727200000| Untracked |  0
|  45|0x0000000727400000, 0x0000000727400000, 0x0000000727600000|  0%| F|  |TAMS 0x0000000727400000| PB 0x0000000727400000| Untracked |  0
|  46|0x0000000727600000, 0x0000000727600000, 0x0000000727800000|  0%| F|  |TAMS 0x0000000727600000| PB 0x0000000727600000| Untracked |  0
|  47|0x0000000727800000, 0x0000000727800000, 0x0000000727a00000|  0%| F|  |TAMS 0x0000000727800000| PB 0x0000000727800000| Untracked |  0
|  48|0x0000000727a00000, 0x0000000727a00000, 0x0000000727c00000|  0%| F|  |TAMS 0x0000000727a00000| PB 0x0000000727a00000| Untracked |  0
|  49|0x0000000727c00000, 0x0000000727c00000, 0x0000000727e00000|  0%| F|  |TAMS 0x0000000727c00000| PB 0x0000000727c00000| Untracked |  0
|  50|0x0000000727e00000, 0x0000000727e00000, 0x0000000728000000|  0%| F|  |TAMS 0x0000000727e00000| PB 0x0000000727e00000| Untracked |  0
|  51|0x0000000728000000, 0x0000000728000000, 0x0000000728200000|  0%| F|  |TAMS 0x0000000728000000| PB 0x0000000728000000| Untracked |  0
|  52|0x0000000728200000, 0x0000000728200000, 0x0000000728400000|  0%| F|  |TAMS 0x0000000728200000| PB 0x0000000728200000| Untracked |  0
|  53|0x0000000728400000, 0x0000000728400000, 0x0000000728600000|  0%| F|  |TAMS 0x0000000728400000| PB 0x0000000728400000| Untracked |  0
|  54|0x0000000728600000, 0x0000000728600000, 0x0000000728800000|  0%| F|  |TAMS 0x0000000728600000| PB 0x0000000728600000| Untracked |  0
|  55|0x0000000728800000, 0x0000000728800000, 0x0000000728a00000|  0%| F|  |TAMS 0x0000000728800000| PB 0x0000000728800000| Untracked |  0
|  56|0x0000000728a00000, 0x0000000728a00000, 0x0000000728c00000|  0%| F|  |TAMS 0x0000000728a00000| PB 0x0000000728a00000| Untracked |  0
|  57|0x0000000728c00000, 0x0000000728c00000, 0x0000000728e00000|  0%| F|  |TAMS 0x0000000728c00000| PB 0x0000000728c00000| Untracked |  0
|  58|0x0000000728e00000, 0x0000000728e00000, 0x0000000729000000|  0%| F|  |TAMS 0x0000000728e00000| PB 0x0000000728e00000| Untracked |  0
|  59|0x0000000729000000, 0x0000000729000000, 0x0000000729200000|  0%| F|  |TAMS 0x0000000729000000| PB 0x0000000729000000| Untracked |  0
|  60|0x0000000729200000, 0x0000000729200000, 0x0000000729400000|  0%| F|  |TAMS 0x0000000729200000| PB 0x0000000729200000| Untracked |  0
|  61|0x0000000729400000, 0x0000000729400000, 0x0000000729600000|  0%| F|  |TAMS 0x0000000729400000| PB 0x0000000729400000| Untracked |  0
|  62|0x0000000729600000, 0x0000000729600000, 0x0000000729800000|  0%| F|  |TAMS 0x0000000729600000| PB 0x0000000729600000| Untracked |  0
|  63|0x0000000729800000, 0x0000000729800000, 0x0000000729a00000|  0%| F|  |TAMS 0x0000000729800000| PB 0x0000000729800000| Untracked |  0
|  64|0x0000000729a00000, 0x0000000729a00000, 0x0000000729c00000|  0%| F|  |TAMS 0x0000000729a00000| PB 0x0000000729a00000| Untracked |  0
|  65|0x0000000729c00000, 0x0000000729c00000, 0x0000000729e00000|  0%| F|  |TAMS 0x0000000729c00000| PB 0x0000000729c00000| Untracked |  0
|  66|0x0000000729e00000, 0x0000000729e00000, 0x000000072a000000|  0%| F|  |TAMS 0x0000000729e00000| PB 0x0000000729e00000| Untracked |  0
|  67|0x000000072a000000, 0x000000072a000000, 0x000000072a200000|  0%| F|  |TAMS 0x000000072a000000| PB 0x000000072a000000| Untracked |  0
|  68|0x000000072a200000, 0x000000072a200000, 0x000000072a400000|  0%| F|  |TAMS 0x000000072a200000| PB 0x000000072a200000| Untracked |  0
|  69|0x000000072a400000, 0x000000072a400000, 0x000000072a600000|  0%| F|  |TAMS 0x000000072a400000| PB 0x000000072a400000| Untracked |  0
|  70|0x000000072a600000, 0x000000072a600000, 0x000000072a800000|  0%| F|  |TAMS 0x000000072a600000| PB 0x000000072a600000| Untracked |  0
|  71|0x000000072a800000, 0x000000072a800000, 0x000000072aa00000|  0%| F|  |TAMS 0x000000072a800000| PB 0x000000072a800000| Untracked |  0
|  72|0x000000072aa00000, 0x000000072aa00000, 0x000000072ac00000|  0%| F|  |TAMS 0x000000072aa00000| PB 0x000000072aa00000| Untracked |  0
|  73|0x000000072ac00000, 0x000000072ac00000, 0x000000072ae00000|  0%| F|  |TAMS 0x000000072ac00000| PB 0x000000072ac00000| Untracked |  0
|  74|0x000000072ae00000, 0x000000072ae00000, 0x000000072b000000|  0%| F|  |TAMS 0x000000072ae00000| PB 0x000000072ae00000| Untracked |  0
|  75|0x000000072b000000, 0x000000072b000000, 0x000000072b200000|  0%| F|  |TAMS 0x000000072b000000| PB 0x000000072b000000| Untracked |  0
|  76|0x000000072b200000, 0x000000072b200000, 0x000000072b400000|  0%| F|  |TAMS 0x000000072b200000| PB 0x000000072b200000| Untracked |  0
|  77|0x000000072b400000, 0x000000072b400000, 0x000000072b600000|  0%| F|  |TAMS 0x000000072b400000| PB 0x000000072b400000| Untracked |  0
|  78|0x000000072b600000, 0x000000072b600000, 0x000000072b800000|  0%| F|  |TAMS 0x000000072b600000| PB 0x000000072b600000| Untracked |  0
|  79|0x000000072b800000, 0x000000072b800000, 0x000000072ba00000|  0%| F|  |TAMS 0x000000072b800000| PB 0x000000072b800000| Untracked |  0
|  80|0x000000072ba00000, 0x000000072ba00000, 0x000000072bc00000|  0%| F|  |TAMS 0x000000072ba00000| PB 0x000000072ba00000| Untracked |  0
|  81|0x000000072bc00000, 0x000000072bc00000, 0x000000072be00000|  0%| F|  |TAMS 0x000000072bc00000| PB 0x000000072bc00000| Untracked |  0
|  82|0x000000072be00000, 0x000000072be00000, 0x000000072c000000|  0%| F|  |TAMS 0x000000072be00000| PB 0x000000072be00000| Untracked |  0
|  83|0x000000072c000000, 0x000000072c000000, 0x000000072c200000|  0%| F|  |TAMS 0x000000072c000000| PB 0x000000072c000000| Untracked |  0
|  84|0x000000072c200000, 0x000000072c200000, 0x000000072c400000|  0%| F|  |TAMS 0x000000072c200000| PB 0x000000072c200000| Untracked |  0
|  85|0x000000072c400000, 0x000000072c400000, 0x000000072c600000|  0%| F|  |TAMS 0x000000072c400000| PB 0x000000072c400000| Untracked |  0
|  86|0x000000072c600000, 0x000000072c600000, 0x000000072c800000|  0%| F|  |TAMS 0x000000072c600000| PB 0x000000072c600000| Untracked |  0
|  87|0x000000072c800000, 0x000000072c800000, 0x000000072ca00000|  0%| F|  |TAMS 0x000000072c800000| PB 0x000000072c800000| Untracked |  0
|  88|0x000000072ca00000, 0x000000072ca00000, 0x000000072cc00000|  0%| F|  |TAMS 0x000000072ca00000| PB 0x000000072ca00000| Untracked |  0
|  89|0x000000072cc00000, 0x000000072cc00000, 0x000000072ce00000|  0%| F|  |TAMS 0x000000072cc00000| PB 0x000000072cc00000| Untracked |  0
|  90|0x000000072ce00000, 0x000000072ce00000, 0x000000072d000000|  0%| F|  |TAMS 0x000000072ce00000| PB 0x000000072ce00000| Untracked |  0
|  91|0x000000072d000000, 0x000000072d000000, 0x000000072d200000|  0%| F|  |TAMS 0x000000072d000000| PB 0x000000072d000000| Untracked |  0
|  92|0x000000072d200000, 0x000000072d200000, 0x000000072d400000|  0%| F|  |TAMS 0x000000072d200000| PB 0x000000072d200000| Untracked |  0
|  93|0x000000072d400000, 0x000000072d400000, 0x000000072d600000|  0%| F|  |TAMS 0x000000072d400000| PB 0x000000072d400000| Untracked |  0
|  94|0x000000072d600000, 0x000000072d600000, 0x000000072d800000|  0%| F|  |TAMS 0x000000072d600000| PB 0x000000072d600000| Untracked |  0
|  95|0x000000072d800000, 0x000000072d800000, 0x000000072da00000|  0%| F|  |TAMS 0x000000072d800000| PB 0x000000072d800000| Untracked |  0
|  96|0x000000072da00000, 0x000000072da00000, 0x000000072dc00000|  0%| F|  |TAMS 0x000000072da00000| PB 0x000000072da00000| Untracked |  0
|  97|0x000000072dc00000, 0x000000072dc00000, 0x000000072de00000|  0%| F|  |TAMS 0x000000072dc00000| PB 0x000000072dc00000| Untracked |  0
|  98|0x000000072de00000, 0x000000072de00000, 0x000000072e000000|  0%| F|  |TAMS 0x000000072de00000| PB 0x000000072de00000| Untracked |  0
|  99|0x000000072e000000, 0x000000072e000000, 0x000000072e200000|  0%| F|  |TAMS 0x000000072e000000| PB 0x000000072e000000| Untracked |  0
| 100|0x000000072e200000, 0x000000072e200000, 0x000000072e400000|  0%| F|  |TAMS 0x000000072e200000| PB 0x000000072e200000| Untracked |  0
| 101|0x000000072e400000, 0x000000072e400000, 0x000000072e600000|  0%| F|  |TAMS 0x000000072e400000| PB 0x000000072e400000| Untracked |  0
| 102|0x000000072e600000, 0x000000072e600000, 0x000000072e800000|  0%| F|  |TAMS 0x000000072e600000| PB 0x000000072e600000| Untracked |  0
| 103|0x000000072e800000, 0x000000072e9eb890, 0x000000072ea00000| 96%| E|  |TAMS 0x000000072e800000| PB 0x000000072e800000| Complete |  0
| 104|0x000000072ea00000, 0x000000072ec00000, 0x000000072ec00000|100%| E|CS|TAMS 0x000000072ea00000| PB 0x000000072ea00000| Complete |  0
| 105|0x000000072ec00000, 0x000000072ee00000, 0x000000072ee00000|100%| E|CS|TAMS 0x000000072ec00000| PB 0x000000072ec00000| Complete |  0
| 106|0x000000072ee00000, 0x000000072f000000, 0x000000072f000000|100%| E|CS|TAMS 0x000000072ee00000| PB 0x000000072ee00000| Complete |  0
| 107|0x000000072f000000, 0x000000072f200000, 0x000000072f200000|100%| E|CS|TAMS 0x000000072f000000| PB 0x000000072f000000| Complete |  0
| 108|0x000000072f200000, 0x000000072f400000, 0x000000072f400000|100%| E|CS|TAMS 0x000000072f200000| PB 0x000000072f200000| Complete |  0
| 109|0x000000072f400000, 0x000000072f600000, 0x000000072f600000|100%| E|CS|TAMS 0x000000072f400000| PB 0x000000072f400000| Complete |  0
| 110|0x000000072f600000, 0x000000072f800000, 0x000000072f800000|100%| E|CS|TAMS 0x000000072f600000| PB 0x000000072f600000| Complete |  0
| 111|0x000000072f800000, 0x000000072fa00000, 0x000000072fa00000|100%| E|CS|TAMS 0x000000072f800000| PB 0x000000072f800000| Complete |  0
|1778|0x00000007ffe00000, 0x00000007fff1c348, 0x0000000800000000| 55%| O|  |TAMS 0x00000007ffe00000| PB 0x00000007ffe00000| Untracked |  0

Card table byte_map: [0x000001ed6f7f0000,0x000001ed6fef0000] _byte_map_base: 0x000001ed6bee3000

Marking Bits: (CMBitMap*) 0x000001ed561de8e0
 Bits: [0x000001ed6fef0000, 0x000001ed73688000)

Polling page: 0x000001ed54360000

Metaspace:

Usage:
  Non-class:      3.04 MB used.
      Class:    303.25 KB used.
       Both:      3.34 MB used.

Virtual space:
  Non-class space:       64.00 MB reserved,       3.12 MB (  5%) committed,  1 nodes.
      Class space:        1.00 GB reserved,     384.00 KB ( <1%) committed,  1 nodes.
             Both:        1.06 GB reserved,       3.50 MB ( <1%) committed. 

Chunk freelists:
   Non-Class:  11.93 MB
       Class:  15.59 MB
        Both:  27.51 MB

MaxMetaspaceSize: unlimited
CompressedClassSpaceSize: 1.00 GB
Initial GC threshold: 21.00 MB
Current GC threshold: 21.00 MB
CDS: on
 - commit_granule_bytes: 65536.
 - commit_granule_words: 8192.
 - virtual_space_node_default_size: 8388608.
 - enlarge_chunks_in_place: 1.
UseCompressedClassPointers 1, UseCompactObjectHeaders 0
Narrow klass pointer bits 32, Max shift 3
Narrow klass base: 0x000001ed00000000, Narrow klass shift: 0
Encoding Range: [0x000001ed00000000 - 0x000001ee00000000), (4294967296 bytes)
Klass Range:    [0x000001ed00000000 - 0x000001ed41000000), (1090519040 bytes)
Klass ID Range:  [8 - 1090519033) (1090519025)


Internal statistics:

num_allocs_failed_limit: 0.
num_arena_births: 68.
num_arena_deaths: 0.
num_vsnodes_births: 2.
num_vsnodes_deaths: 0.
num_space_committed: 56.
num_space_uncommitted: 0.
num_chunks_returned_to_freelist: 0.
num_chunks_taken_from_freelist: 73.
num_chunk_merges: 0.
num_chunk_splits: 52.
num_chunks_enlarged: 33.
num_inconsistent_stats: 0.

CodeHeap 'non-profiled nmethods': size=120064Kb used=424Kb max_used=424Kb free=119639Kb
 bounds [0x000001ed67110000, 0x000001ed67380000, 0x000001ed6e650000]
CodeHeap 'profiled nmethods': size=120000Kb used=1566Kb max_used=1566Kb free=118433Kb
 bounds [0x000001ed5f650000, 0x000001ed5f8c0000, 0x000001ed66b80000]
CodeHeap 'non-nmethods': size=5696Kb used=1272Kb max_used=1345Kb free=4423Kb
 bounds [0x000001ed66b80000, 0x000001ed66df0000, 0x000001ed67110000]
CodeCache: size=245760Kb, used=3262Kb, max_used=3335Kb, free=242495Kb
 total_blobs=1620, nmethods=1179, adapters=347, full_count=0
Compilation: enabled, stopped_count=0, restarted_count=0

Compilation events (20 events):
Event: 0.368 Thread 0x000001ed460060c0 1145  s    4       java.io.ByteArrayOutputStream::write (32 bytes)
Event: 0.369 Thread 0x000001ed460060c0 nmethod 1145 0x000001ed67171008 code [0x000001ed67171140, 0x000001ed67171658]
Event: 0.369 Thread 0x000001ed460060c0 1146       4       java.io.ByteArrayOutputStream::ensureCapacity (32 bytes)
Event: 0.369 Thread 0x000001ed41b0e030 nmethod 1135 0x000001ed67171688 code [0x000001ed671718e0, 0x000001ed67174d90]
Event: 0.370 Thread 0x000001ed41b0e030 1148  s    4       java.io.DataOutputStream::write (14 bytes)
Event: 0.370 Thread 0x000001ed460060c0 nmethod 1146 0x000001ed67174e88 code [0x000001ed67174fa0, 0x000001ed671751d0]
Event: 0.370 Thread 0x000001ed460060c0 1152       4       java.util.LinkedHashMap::get (29 bytes)
Event: 0.372 Thread 0x000001ed41b0e030 nmethod 1148 0x000001ed67175208 code [0x000001ed67175360, 0x000001ed67175bc0]
Event: 0.372 Thread 0x000001ed41b0e030 1117       4       java.util.ArrayList::iterator (9 bytes)
Event: 0.372 Thread 0x000001ed41b0e030 nmethod 1117 0x000001ed67175c08 code [0x000001ed67175d00, 0x000001ed67175df8]
Event: 0.372 Thread 0x000001ed41b0e030 1132       4       java.util.HashMap::afterNodeAccess (1 bytes)
Event: 0.372 Thread 0x000001ed41b0e030 nmethod 1132 0x000001ed67175f08 code [0x000001ed67176000, 0x000001ed67176078]
Event: 0.372 Thread 0x000001ed41b0e030 1118       4       java.lang.StringLatin1::writeDigitPair (21 bytes)
Event: 0.373 Thread 0x000001ed41b0e030 nmethod 1118 0x000001ed67176208 code [0x000001ed67176320, 0x000001ed67176458]
Event: 0.373 Thread 0x000001ed41b0e030 1121       4       java.util.Collections$UnmodifiableCollection$1::next (10 bytes)
Event: 0.374 Thread 0x000001ed41b0e030 nmethod 1121 0x000001ed67176508 code [0x000001ed67176620, 0x000001ed67176810]
Event: 0.374 Thread 0x000001ed41b0e030 1149       4       jdk.jfr.internal.MetadataWriter::writeInt (148 bytes)
Event: 0.374 Thread 0x000001ed460060c0 nmethod 1152 0x000001ed67176888 code [0x000001ed671769e0, 0x000001ed67176fe0]
Event: 0.378 Thread 0x000001ed41116060 nmethod 1150 0x000001ed67177088 code [0x000001ed67177300, 0x000001ed67179238]
Event: 0.378 Thread 0x000001ed41b0e030 nmethod 1149 0x000001ed67179308 code [0x000001ed671794e0, 0x000001ed6717a058]

GC Heap History (0 events):
No events

Dll operation events (9 events):
Event: 0.064 Loaded shared library C:\Users\Bernardo\.jdks\openjdk-24\bin\java.dll
Event: 0.086 Loaded shared library C:\Users\Bernardo\.jdks\openjdk-24\bin\jsvml.dll
Event: 0.119 Loaded shared library C:\Users\Bernardo\.jdks\openjdk-24\bin\zip.dll
Event: 0.121 Loaded shared library C:\Users\Bernardo\.jdks\openjdk-24\bin\instrument.dll
Event: 0.127 Loaded shared library C:\Users\Bernardo\.jdks\openjdk-24\bin\net.dll
Event: 0.130 Loaded shared library C:\Users\Bernardo\.jdks\openjdk-24\bin\nio.dll
Event: 0.133 Loaded shared library C:\Users\Bernardo\.jdks\openjdk-24\bin\zip.dll
Event: 0.149 Loaded shared library C:\Users\Bernardo\.jdks\openjdk-24\bin\extnet.dll
Event: 0.190 Loaded shared library C:\Users\Bernardo\.jdks\openjdk-24\bin\jimage.dll

Deoptimization events (20 events):
Event: 0.343 Thread 0x000001ed561809e0 Uncommon trap: trap_request=0xffffffd6 fr.pc=0x000001ed67161f9c relative=0x00000000000006bc
Event: 0.343 Thread 0x000001ed561809e0 Uncommon trap: reason=array_check action=maybe_recompile pc=0x000001ed67161f9c method=jdk.internal.classfile.impl.SplitConstantPool.internalAdd(Ljava/lang/classfile/constantpool/PoolEntry;I)Ljava/lang/classfile/constantpool/PoolEntry; @ 46 c2
Event: 0.343 Thread 0x000001ed561809e0 DEOPT PACKING pc=0x000001ed67161f9c sp=0x000000b3fb9fd3e0
Event: 0.343 Thread 0x000001ed561809e0 DEOPT UNPACKING pc=0x000001ed66c95c02 sp=0x000000b3fb9fd390 mode 2
Event: 0.343 Thread 0x000001ed561809e0 Uncommon trap: trap_request=0xffffffd6 fr.pc=0x000001ed67161f9c relative=0x00000000000006bc
Event: 0.343 Thread 0x000001ed561809e0 Uncommon trap: reason=array_check action=maybe_recompile pc=0x000001ed67161f9c method=jdk.internal.classfile.impl.SplitConstantPool.internalAdd(Ljava/lang/classfile/constantpool/PoolEntry;I)Ljava/lang/classfile/constantpool/PoolEntry; @ 46 c2
Event: 0.343 Thread 0x000001ed561809e0 DEOPT PACKING pc=0x000001ed67161f9c sp=0x000000b3fb9fd3e0
Event: 0.343 Thread 0x000001ed561809e0 DEOPT UNPACKING pc=0x000001ed66c95c02 sp=0x000000b3fb9fd390 mode 2
Event: 0.343 Thread 0x000001ed561809e0 Uncommon trap: trap_request=0xffffffd6 fr.pc=0x000001ed67161f9c relative=0x00000000000006bc
Event: 0.343 Thread 0x000001ed561809e0 Uncommon trap: reason=array_check action=maybe_recompile pc=0x000001ed67161f9c method=jdk.internal.classfile.impl.SplitConstantPool.internalAdd(Ljava/lang/classfile/constantpool/PoolEntry;I)Ljava/lang/classfile/constantpool/PoolEntry; @ 46 c2
Event: 0.343 Thread 0x000001ed561809e0 DEOPT PACKING pc=0x000001ed67161f9c sp=0x000000b3fb9fd250
Event: 0.343 Thread 0x000001ed561809e0 DEOPT UNPACKING pc=0x000001ed66c95c02 sp=0x000000b3fb9fd200 mode 2
Event: 0.343 Thread 0x000001ed561809e0 Uncommon trap: trap_request=0xffffffd6 fr.pc=0x000001ed67161f9c relative=0x00000000000006bc
Event: 0.343 Thread 0x000001ed561809e0 Uncommon trap: reason=array_check action=maybe_recompile pc=0x000001ed67161f9c method=jdk.internal.classfile.impl.SplitConstantPool.internalAdd(Ljava/lang/classfile/constantpool/PoolEntry;I)Ljava/lang/classfile/constantpool/PoolEntry; @ 46 c2
Event: 0.343 Thread 0x000001ed561809e0 DEOPT PACKING pc=0x000001ed67161f9c sp=0x000000b3fb9fd1e0
Event: 0.343 Thread 0x000001ed561809e0 DEOPT UNPACKING pc=0x000001ed66c95c02 sp=0x000000b3fb9fd190 mode 2
Event: 0.346 Thread 0x000001ed561809e0 Uncommon trap: trap_request=0xffffff4d fr.pc=0x000001ed6715cb10 relative=0x00000000000000f0
Event: 0.346 Thread 0x000001ed561809e0 Uncommon trap: reason=unstable_if action=reinterpret pc=0x000001ed6715cb10 method=java.lang.Long.valueOf(J)Ljava/lang/Long; @ 17 c2
Event: 0.346 Thread 0x000001ed561809e0 DEOPT PACKING pc=0x000001ed6715cb10 sp=0x000000b3fb9fe120
Event: 0.346 Thread 0x000001ed561809e0 DEOPT UNPACKING pc=0x000001ed66c95c02 sp=0x000000b3fb9fe0b8 mode 2

Classes loaded (20 events):
Event: 0.346 Loading class jdk/jfr/internal/MetadataWriter
Event: 0.346 Loading class jdk/jfr/internal/MetadataWriter done
Event: 0.346 Loading class jdk/jfr/internal/MetadataDescriptor$Element
Event: 0.346 Loading class jdk/jfr/internal/MetadataDescriptor$Element done
Event: 0.346 Loading class jdk/jfr/internal/MetadataDescriptor$Attribute
Event: 0.346 Loading class jdk/jfr/internal/MetadataDescriptor$Attribute done
Event: 0.353 Loading class jdk/jfr/internal/consumer/StringParser$Encoding
Event: 0.353 Loading class jdk/jfr/internal/consumer/StringParser$Encoding done
Event: 0.358 Loading class jdk/jfr/internal/consumer/RepositoryFiles
Event: 0.359 Loading class jdk/jfr/internal/consumer/RepositoryFiles done
Event: 0.360 Loading class jdk/jfr/internal/SettingsManager$InternalSetting
Event: 0.360 Loading class jdk/jfr/internal/SettingsManager$InternalSetting done
Event: 0.361 Loading class jdk/jfr/internal/util/Rate
Event: 0.361 Loading class jdk/jfr/internal/util/Rate done
Event: 0.362 Loading class jdk/jfr/internal/util/TimespanUnit
Event: 0.362 Loading class jdk/jfr/internal/util/TimespanUnit done
Event: 0.362 Loading class jdk/jfr/internal/util/ValueParser
Event: 0.362 Loading class jdk/jfr/internal/util/ValueParser done
Event: 0.363 Loading class jdk/jfr/internal/periodic/PeriodicType
Event: 0.363 Loading class jdk/jfr/internal/periodic/PeriodicType done

Classes unloaded (0 events):
No events

Classes redefined (0 events):
No events

Internal exceptions (18 events):
Event: 0.134 Thread 0x000001ed561809e0 Exception <a 'java/lang/NoSuchMethodError'{0x000000072f645338}: 'void java.lang.invoke.DirectMethodHandle$Holder.invokeStatic(java.lang.Object, java.lang.Object, java.lang.Object)'> (0x000000072f645338) 
thrown [s\open\src\hotspot\share\interpreter\linkResolver.cpp, line 805]
Event: 0.138 Thread 0x000001ed561809e0 Exception <a 'java/lang/NoSuchMethodError'{0x000000072f679ef8}: 'java.lang.Object java.lang.invoke.Invokers$Holder.invokeExact_MT(java.lang.Object, java.lang.Object, java.lang.Object, java.lang.Object, java.lang.Object)'> (0x000000072f679ef8) 
thrown [s\open\src\hotspot\share\interpreter\linkResolver.cpp, line 805]
Event: 0.145 Thread 0x000001ed561809e0 Exception <a 'java/lang/NoSuchMethodError'{0x000000072f68af78}: 'java.lang.Object java.lang.invoke.DirectMethodHandle$Holder.invokeStaticInit(java.lang.Object, java.lang.Object, java.lang.Object)'> (0x000000072f68af78) 
thrown [s\open\src\hotspot\share\interpreter\linkResolver.cpp, line 805]
Event: 0.147 Thread 0x000001ed4141c5c0 Exception <a 'java/lang/NoSuchMethodError'{0x000000072f7f0ae8}: 'java.lang.Object java.lang.invoke.DirectMethodHandle$Holder.invokeStaticInit(java.lang.Object)'> (0x000000072f7f0ae8) 
thrown [s\open\src\hotspot\share\interpreter\linkResolver.cpp, line 805]
Event: 0.151 Thread 0x000001ed4141c5c0 Exception <a 'java/lang/NoSuchMethodError'{0x000000072f7fb718}: 'void java.lang.invoke.DirectMethodHandle$Holder.invokeStatic(java.lang.Object, java.lang.Object)'> (0x000000072f7fb718) 
thrown [s\open\src\hotspot\share\interpreter\linkResolver.cpp, line 805]
Event: 0.206 Thread 0x000001ed561809e0 Exception <a 'java/lang/NoSuchMethodError'{0x000000072f28b310}: 'void java.lang.invoke.DirectMethodHandle$Holder.invokeStaticInit(java.lang.Object)'> (0x000000072f28b310) 
thrown [s\open\src\hotspot\share\interpreter\linkResolver.cpp, line 805]
Event: 0.218 Thread 0x000001ed561809e0 Exception <a 'java/lang/NoSuchMethodError'{0x000000072f2fd020}: 'void java.lang.invoke.DirectMethodHandle$Holder.invokeSpecial(java.lang.Object, java.lang.Object, java.lang.Object)'> (0x000000072f2fd020) 
thrown [s\open\src\hotspot\share\interpreter\linkResolver.cpp, line 805]
Event: 0.228 Thread 0x000001ed561809e0 Exception <a 'java/lang/NoSuchMethodError'{0x000000072f3647c0}: 'java.lang.Object java.lang.invoke.DirectMethodHandle$Holder.newInvokeSpecial(java.lang.Object, java.lang.Object, java.lang.Object, java.lang.Object, java.lang.Object)'> (0x000000072f3647c0) 
thrown [s\open\src\hotspot\share\interpreter\linkResolver.cpp, line 805]
Event: 0.260 Thread 0x000001ed561809e0 Exception <a 'java/lang/NoSuchMethodError'{0x000000072f0fbcb0}: 'long java.lang.invoke.DirectMethodHandle$Holder.invokeVirtual(java.lang.Object, java.lang.Object)'> (0x000000072f0fbcb0) 
thrown [s\open\src\hotspot\share\interpreter\linkResolver.cpp, line 805]
Event: 0.298 Thread 0x000001ed561809e0 Exception <a 'java/lang/NoSuchMethodError'{0x000000072ef54560}: 'int java.lang.invoke.DirectMethodHandle$Holder.invokeSpecial(java.lang.Object, java.lang.Object, java.lang.Object)'> (0x000000072ef54560) 
thrown [s\open\src\hotspot\share\interpreter\linkResolver.cpp, line 805]
Event: 0.333 Thread 0x000001ed561809e0 Exception <a 'java/lang/NoSuchMethodError'{0x000000072ed20fe8}: 'void java.lang.invoke.DirectMethodHandle$Holder.invokeSpecial(java.lang.Object, java.lang.Object, int)'> (0x000000072ed20fe8) 
thrown [s\open\src\hotspot\share\interpreter\linkResolver.cpp, line 805]
Event: 0.333 Thread 0x000001ed561809e0 Exception <a 'java/lang/NoSuchMethodError'{0x000000072ed28c08}: 'void java.lang.invoke.Invokers$Holder.invokeExact_MT(java.lang.Object, int, java.lang.Object)'> (0x000000072ed28c08) 
thrown [s\open\src\hotspot\share\interpreter\linkResolver.cpp, line 805]
Event: 0.334 Thread 0x000001ed561809e0 Exception <a 'java/lang/NoSuchMethodError'{0x000000072ed43538}: 'void java.lang.invoke.DirectMethodHandle$Holder.invokeStatic(java.lang.Object, java.lang.Object, int)'> (0x000000072ed43538) 
thrown [s\open\src\hotspot\share\interpreter\linkResolver.cpp, line 805]
Event: 0.335 Thread 0x000001ed561809e0 Exception <a 'java/lang/NoSuchMethodError'{0x000000072ed52628}: 'java.lang.Object java.lang.invoke.DirectMethodHandle$Holder.newInvokeSpecial(java.lang.Object, java.lang.Object, int)'> (0x000000072ed52628) 
thrown [s\open\src\hotspot\share\interpreter\linkResolver.cpp, line 805]
Event: 0.336 Thread 0x000001ed41bab170 Exception <a 'java/lang/NoSuchMethodError'{0x000000072edecc00}: 'long java.lang.invoke.DirectMethodHandle$Holder.invokeSpecial(java.lang.Object, java.lang.Object)'> (0x000000072edecc00) 
thrown [s\open\src\hotspot\share\interpreter\linkResolver.cpp, line 805]
Event: 0.339 Thread 0x000001ed561809e0 Exception <a 'sun/nio/fs/WindowsException'{0x000000072ed87610}> (0x000000072ed87610) 
thrown [s\open\src\hotspot\share\prims\jni.cpp, line 518]
Event: 0.341 Thread 0x000001ed561809e0 Exception <a 'sun/nio/fs/WindowsException'{0x000000072ed94608}> (0x000000072ed94608) 
thrown [s\open\src\hotspot\share\prims\jni.cpp, line 518]
Event: 0.344 Thread 0x000001ed561809e0 Exception <a 'sun/nio/fs/WindowsException'{0x000000072eda6610}> (0x000000072eda6610) 
thrown [s\open\src\hotspot\share\prims\jni.cpp, line 518]

VM Operations (8 events):
Event: 0.108 Executing VM operation: HandshakeAllThreads (Deoptimize)
Event: 0.108 Executing VM operation: HandshakeAllThreads (Deoptimize) done
Event: 0.337 Executing VM operation: HandshakeAllThreads (Deoptimize)
Event: 0.337 Executing VM operation: HandshakeAllThreads (Deoptimize) done
Event: 0.338 Executing VM operation: HandshakeAllThreads (Deoptimize)
Event: 0.338 Executing VM operation: HandshakeAllThreads (Deoptimize) done
Event: 0.359 Executing VM operation: JFRSafepointClear
Event: 0.359 Executing VM operation: JFRSafepointClear done

Memory protections (0 events):
No events

Nmethod flushes (0 events):
No events

Events (15 events):
Event: 0.074 Thread 0x000001ed561809e0 Thread added: 0x000001ed561809e0
Event: 0.084 Thread 0x000001ed561809e0 Thread added: 0x000001ed410f9ae0
Event: 0.084 Thread 0x000001ed561809e0 Thread added: 0x000001ed410fc430
Event: 0.084 Thread 0x000001ed561809e0 Thread added: 0x000001ed411017f0
Event: 0.084 Thread 0x000001ed561809e0 Thread added: 0x000001ed41102320
Event: 0.084 Thread 0x000001ed561809e0 Thread added: 0x000001ed41106e60
Event: 0.084 Thread 0x000001ed561809e0 Thread added: 0x000001ed41107ac0
Event: 0.084 Thread 0x000001ed561809e0 Thread added: 0x000001ed41116060
Event: 0.084 Thread 0x000001ed561809e0 Thread added: 0x000001ed41119c40
Event: 0.103 Thread 0x000001ed561809e0 Thread added: 0x000001ed411d4120
Event: 0.141 Thread 0x000001ed561809e0 Thread added: 0x000001ed4141c5c0
Event: 0.192 Thread 0x000001ed41119c40 Thread added: 0x000001ed41b0e030
Event: 0.204 Thread 0x000001ed561809e0 Thread added: 0x000001ed41beacc0
Event: 0.272 Thread 0x000001ed41119c40 Thread added: 0x000001ed460060c0
Event: 0.335 Thread 0x000001ed561809e0 Thread added: 0x000001ed41bab170


Dynamic libraries:
0x00007ff6ba9e0000 - 0x00007ff6ba9ee000 	C:\Users\Bernardo\.jdks\openjdk-24\bin\java.exe
0x00007ffc15e80000 - 0x00007ffc160e3000 	C:\WINDOWS\SYSTEM32\ntdll.dll
0x00007ffc157c0000 - 0x00007ffc15887000 	C:\WINDOWS\System32\KERNEL32.DLL
0x00007ffc13280000 - 0x00007ffc13630000 	C:\WINDOWS\System32\KERNELBASE.dll
0x00007ffc13640000 - 0x00007ffc1378b000 	C:\WINDOWS\System32\ucrtbase.dll
0x00007ffc02f40000 - 0x00007ffc02f56000 	C:\Users\Bernardo\.jdks\openjdk-24\bin\jli.dll
0x00007ffc01450000 - 0x00007ffc0146b000 	C:\Users\Bernardo\.jdks\openjdk-24\bin\VCRUNTIME140.dll
0x00007ffc15a50000 - 0x00007ffc15c13000 	C:\WINDOWS\System32\USER32.dll
0x00007ffc13840000 - 0x00007ffc13867000 	C:\WINDOWS\System32\win32u.dll
0x00007ffc13d00000 - 0x00007ffc13d2a000 	C:\WINDOWS\System32\GDI32.dll
0x00007ffbf8ed0000 - 0x00007ffbf9160000 	C:\WINDOWS\WinSxS\amd64_microsoft.windows.common-controls_6595b64144ccf1df_6.0.26100.1882_none_3e0e949ae32eca40\COMCTL32.dll
0x00007ffc13930000 - 0x00007ffc13a53000 	C:\WINDOWS\System32\gdi32full.dll
0x00007ffc13790000 - 0x00007ffc13833000 	C:\WINDOWS\System32\msvcp_win.dll
0x00007ffc14130000 - 0x00007ffc141d9000 	C:\WINDOWS\System32\msvcrt.dll
0x00007ffc158a0000 - 0x00007ffc158cf000 	C:\WINDOWS\System32\IMM32.DLL
0x00007ffc02f30000 - 0x00007ffc02f3c000 	C:\Users\Bernardo\.jdks\openjdk-24\bin\vcruntime140_1.dll
0x00007ffbf1380000 - 0x00007ffbf140e000 	C:\Users\Bernardo\.jdks\openjdk-24\bin\msvcp140.dll
0x00007ffb68f10000 - 0x00007ffb69cb2000 	C:\Users\Bernardo\.jdks\openjdk-24\bin\server\jvm.dll
0x00007ffc14970000 - 0x00007ffc14a24000 	C:\WINDOWS\System32\ADVAPI32.dll
0x00007ffc15460000 - 0x00007ffc15506000 	C:\WINDOWS\System32\sechost.dll
0x00007ffc13ff0000 - 0x00007ffc14106000 	C:\WINDOWS\System32\RPCRT4.dll
0x00007ffc153e0000 - 0x00007ffc15454000 	C:\WINDOWS\System32\WS2_32.dll
0x00007ffc13120000 - 0x00007ffc1316e000 	C:\WINDOWS\SYSTEM32\POWRPROF.dll
0x00007ffc0b0f0000 - 0x00007ffc0b126000 	C:\WINDOWS\SYSTEM32\WINMM.dll
0x00007ffc0b410000 - 0x00007ffc0b41b000 	C:\WINDOWS\SYSTEM32\VERSION.dll
0x00007ffc13050000 - 0x00007ffc13064000 	C:\WINDOWS\SYSTEM32\UMPDC.dll
0x00007ffc12000000 - 0x00007ffc1201a000 	C:\WINDOWS\SYSTEM32\kernel.appcore.dll
0x00007ffbff720000 - 0x00007ffbff72a000 	C:\Users\Bernardo\.jdks\openjdk-24\bin\jimage.dll
0x00007ffc0c580000 - 0x00007ffc0c7c1000 	C:\WINDOWS\SYSTEM32\DBGHELP.DLL
0x00007ffc14bd0000 - 0x00007ffc14f4c000 	C:\WINDOWS\System32\combase.dll
0x00007ffc15510000 - 0x00007ffc155e6000 	C:\WINDOWS\System32\OLEAUT32.dll
0x00007ffbdada0000 - 0x00007ffbdadd9000 	C:\WINDOWS\SYSTEM32\dbgcore.DLL
0x00007ffc13a60000 - 0x00007ffc13af9000 	C:\WINDOWS\System32\bcryptPrimitives.dll
0x00007ffbff6f0000 - 0x00007ffbff6ff000 	C:\Users\Bernardo\.jdks\openjdk-24\bin\instrument.dll
0x00007ffbff700000 - 0x00007ffbff71e000 	C:\Users\Bernardo\.jdks\openjdk-24\bin\java.dll
0x00007ffc14a30000 - 0x00007ffc14bc9000 	C:\WINDOWS\System32\ole32.dll
0x00007ffc141e0000 - 0x00007ffc148d8000 	C:\WINDOWS\System32\SHELL32.dll
0x00007ffbbd0f0000 - 0x00007ffbbd2fe000 	C:\Users\Bernardo\Downloads\ideaIU-2024.3.5.win\lib\async-profiler\amd64\libasyncProfiler.dll
0x00007ffc11000000 - 0x00007ffc1182a000 	C:\WINDOWS\SYSTEM32\windows.storage.dll
0x00007ffc13ef0000 - 0x00007ffc13fc3000 	C:\WINDOWS\System32\SHCORE.dll
0x00007ffc158e0000 - 0x00007ffc1593d000 	C:\WINDOWS\System32\shlwapi.dll
0x00007ffc131a0000 - 0x00007ffc131c9000 	C:\WINDOWS\SYSTEM32\profapi.dll
0x00007ffbbe910000 - 0x00007ffbbe9e7000 	C:\Users\Bernardo\.jdks\openjdk-24\bin\jsvml.dll
0x00007ffbf1360000 - 0x00007ffbf1377000 	C:\Users\Bernardo\.jdks\openjdk-24\bin\zip.dll
0x00007ffbff6e0000 - 0x00007ffbff6f0000 	C:\Users\Bernardo\.jdks\openjdk-24\bin\net.dll
0x00007ffc12580000 - 0x00007ffc125e8000 	C:\WINDOWS\system32\mswsock.dll
0x00007ffbff6b0000 - 0x00007ffbff6c6000 	C:\Users\Bernardo\.jdks\openjdk-24\bin\nio.dll
0x00007ffbf1350000 - 0x00007ffbf1359000 	C:\Users\Bernardo\.jdks\openjdk-24\bin\extnet.dll

dbghelp: loaded successfully - version: 4.0.5 - missing functions: none
symbol engine: initialized successfully - sym options: 0x614 - pdb path: .;C:\Users\Bernardo\.jdks\openjdk-24\bin;C:\WINDOWS\SYSTEM32;C:\WINDOWS\WinSxS\amd64_microsoft.windows.common-controls_6595b64144ccf1df_6.0.26100.1882_none_3e0e949ae32eca40;C:\Users\Bernardo\.jdks\openjdk-24\bin\server;C:\Users\Bernardo\Downloads\ideaIU-2024.3.5.win\lib\async-profiler\amd64

VM Arguments:
jvm_args: -javaagent:C:\Users\Bernardo\Downloads\ideaIU-2024.3.5.win\lib\idea_rt.jar=56693 -agentpath:C:\Users\Bernardo\Downloads\ideaIU-2024.3.5.win\lib\async-profiler\amd64\libasyncProfiler.dll=start,jfr,event=wall,interval=10ms,jfrsync=profile,cstack=no,file=C:\Users\Bernardo\IdeaSnapshots\HelloWorld_2025_04_05_181627.jfr,dbghelppath=C:\Users\Bernardo\Downloads\ideaIU-2024.3.5.win\lib\async-profiler\amd64\dbghelp.dll,log=C:\Users\Bernardo\AppData\Local\Temp\HelloWorld_2025_04_05_181627.jfr.log.txt,logLevel=DEBUG -Dfile.encoding=UTF-8 -Dsun.stdout.encoding=UTF-8 -Dsun.stderr.encoding=UTF-8 
java_command: HelloWorld
java_class_path (initial): C:\Users\Bernardo\IdeaProjects\Java Basic\out\production\Java Basic
Launcher Type: SUN_STANDARD

[Global flags]
     intx CICompilerCount                          = 4                                         {product} {ergonomic}
     uint ConcGCThreads                            = 3                                         {product} {ergonomic}
     bool FlightRecorder                           = true                                      {product} {management}
     uint G1ConcRefinementThreads                  = 10                                        {product} {ergonomic}
   size_t G1HeapRegionSize                         = 2097152                                   {product} {ergonomic}
   size_t InitialHeapSize                          = 234881024                                 {product} {ergonomic}
   size_t MarkStackSize                            = 4194304                                   {product} {ergonomic}
   size_t MarkStackSizeMax                         = 536870912                                 {product} {ergonomic}
   size_t MaxHeapSize                              = 3730833408                                {product} {ergonomic}
   size_t MaxNewSize                               = 2237661184                                {product} {ergonomic}
   size_t MinHeapDeltaBytes                        = 2097152                                   {product} {ergonomic}
   size_t MinHeapSize                              = 8388608                                   {product} {ergonomic}
    uintx NonNMethodCodeHeapSize                   = 5832704                                {pd product} {ergonomic}
    uintx NonProfiledCodeHeapSize                  = 122945536                              {pd product} {ergonomic}
    uintx ProfiledCodeHeapSize                     = 122880000                              {pd product} {ergonomic}
    uintx ReservedCodeCacheSize                    = 251658240                              {pd product} {ergonomic}
     bool SegmentedCodeCache                       = true                                      {product} {ergonomic}
   size_t SoftMaxHeapSize                          = 3730833408                             {manageable} {ergonomic}
     bool UseCompressedOops                        = true                           {product lp64_product} {ergonomic}
     bool UseG1GC                                  = true                                      {product} {ergonomic}
     bool UseLargePagesIndividualAllocation        = false                                  {pd product} {ergonomic}

Logging:
Log output configuration:
 #0: stdout all=warning uptime,level,tags foldmultilines=false
 #1: stderr all=off uptime,level,tags foldmultilines=false

Environment Variables:
PATH=C:\WINDOWS\system32;C:\WINDOWS;C:\WINDOWS\System32\Wbem;C:\WINDOWS\System32\WindowsPowerShell\v1.0\;C:\MinGW\bin;C:\Program Files\Git\cmd;C:\Users\Bernardo\AppData\Local\Microsoft\WindowsApps;C:\Users\Bernardo\AppData\Local\Programs\Microsoft VS Code\bin;C:\MinGW\bin;
USERNAME=Bernardo
OS=Windows_NT
PROCESSOR_IDENTIFIER=AMD64 Family 25 Model 80 Stepping 0, AuthenticAMD
TMP=C:\Users\Bernardo\AppData\Local\Temp
TEMP=C:\Users\Bernardo\AppData\Local\Temp




Periodic native trim disabled

---------------  S Y S T E M  ---------------

OS:
 Windows 11 , 64 bit Build 26100 (10.0.26100.1882)
OS uptime: 19 days 7:08 hours
Hyper-V role detected

CPU: total 12 (initial active 12) (12 cores per cpu, 2 threads per core) family 25 model 80 stepping 0 microcode 0xa50000d, cx8, cmov, fxsr, ht, mmx, 3dnowpref, sse, sse2, sse3, ssse3, sse4a, sse4.1, sse4.2, popcnt, lzcnt, tsc, tscinvbit, avx, avx2, aes, erms, clmul, bmi1, bmi2, adx, sha, fma, vzeroupper, clflush, clflushopt, hv, rdtscp, rdpid, fsrm, f16c, cet_ss
Processor Information for the first 12 processors :
  Max Mhz: 3600, Current Mhz: 3600, Mhz Limit: 3600

Memory: 4k page, system-wide physical 14228M (2091M free)
TotalPageFile size 16916M (AvailPageFile size 1760M)
current process WorkingSet (physical memory assigned to process): 75M, peak: 76M
current process commit charge ("private bytes"): 356M, peak: 359M

vm_info: OpenJDK 64-Bit Server VM (24+36-3646) for windows-amd64 JRE (24+36-3646), built on 2025-02-06T00:20:43Z with MS VC++ 17.6 (VS2022)

END.
